[2015-06-11 07:57:50] local.ERROR: exception 'ErrorException' with message 'Undefined variable: user' in /var/www/html/gravity-web/app/controllers/WellnessTeamController.php:179
Stack trace:
#0 /var/www/html/gravity-web/app/controllers/WellnessTeamController.php(179): Illuminate\Exception\Handler->handleError(8, 'Undefined varia...', '/var/www/html/g...', 179, Array)
#1 [internal function]: WellnessTeamController->update('6')
#2 /var/www/html/gravity-web/vendor/laravel/framework/src/Illuminate/Routing/Controller.php(231): call_user_func_array(Array, Array)
#3 /var/www/html/gravity-web/bootstrap/compiled.php(5847): Illuminate\Routing\Controller->callAction('update', Array)
#4 /var/www/html/gravity-web/bootstrap/compiled.php(5835): Illuminate\Routing\ControllerDispatcher->call(Object(WellnessTeamController), Object(Illuminate\Routing\Route), 'update')
#5 /var/www/html/gravity-web/bootstrap/compiled.php(5040): Illuminate\Routing\ControllerDispatcher->dispatch(Object(Illuminate\Routing\Route), Object(Illuminate\Http\Request), 'WellnessTeamCon...', 'update')
#6 [internal function]: Illuminate\Routing\Router->Illuminate\Routing\{closure}('6')
#7 /var/www/html/gravity-web/bootstrap/compiled.php(5398): call_user_func_array(Object(Closure), Array)
#8 /var/www/html/gravity-web/bootstrap/compiled.php(5065): Illuminate\Routing\Route->run(Object(Illuminate\Http\Request))
#9 /var/www/html/gravity-web/bootstrap/compiled.php(5053): Illuminate\Routing\Router->dispatchToRoute(Object(Illuminate\Http\Request))
#10 /var/www/html/gravity-web/bootstrap/compiled.php(715): Illuminate\Routing\Router->dispatch(Object(Illuminate\Http\Request))
#11 /var/www/html/gravity-web/bootstrap/compiled.php(696): Illuminate\Foundation\Application->dispatch(Object(Illuminate\Http\Request))
#12 /var/www/html/gravity-web/vendor/barryvdh/laravel-debugbar/src/Middleware/Stack.php(34): Illuminate\Foundation\Application->handle(Object(Illuminate\Http\Request), 1, true)
#13 /var/www/html/gravity-web/bootstrap/compiled.php(7825): Barryvdh\Debugbar\Middleware\Stack->handle(Object(Illuminate\Http\Request), 1, true)
#14 /var/www/html/gravity-web/bootstrap/compiled.php(8432): Illuminate\Session\Middleware->handle(Object(Illuminate\Http\Request), 1, true)
#15 /var/www/html/gravity-web/bootstrap/compiled.php(8379): Illuminate\Cookie\Queue->handle(Object(Illuminate\Http\Request), 1, true)
#16 /var/www/html/gravity-web/bootstrap/compiled.php(11045): Illuminate\Cookie\Guard->handle(Object(Illuminate\Http\Request), 1, true)
#17 /var/www/html/gravity-web/bootstrap/compiled.php(657): Stack\StackedHttpKernel->handle(Object(Illuminate\Http\Request))
#18 /var/www/html/gravity-web/public/index.php(49): Illuminate\Foundation\Application->run()
#19 {main} [] []
[2015-06-11 07:58:12] local.ERROR: exception 'BadMethodCallException' with message 'Call to undefined method Illuminate\Database\Query\Builder::removeGroup()' in /var/www/html/gravity-web/vendor/laravel/framework/src/Illuminate/Database/Query/Builder.php:2184
Stack trace:
#0 [internal function]: Illuminate\Database\Query\Builder->__call('removeGroup', Array)
#1 [internal function]: Illuminate\Database\Query\Builder->removeGroup(Object(Cartalyst\Sentry\Groups\Eloquent\Group))
#2 /var/www/html/gravity-web/vendor/laravel/framework/src/Illuminate/Database/Eloquent/Builder.php(972): call_user_func_array(Array, Array)
#3 [internal function]: Illuminate\Database\Eloquent\Builder->__call('removeGroup', Array)
#4 [internal function]: LaravelBook\Ardent\Builder->removeGroup(Object(Cartalyst\Sentry\Groups\Eloquent\Group))
#5 /var/www/html/gravity-web/bootstrap/compiled.php(7529): call_user_func_array(Array, Array)
#6 /var/www/html/gravity-web/vendor/laravelbook/ardent/src/LaravelBook/Ardent/Ardent.php(352): Illuminate\Database\Eloquent\Model->__call('removeGroup', Array)
#7 /var/www/html/gravity-web/app/controllers/WellnessTeamController.php(179): LaravelBook\Ardent\Ardent->__call('removeGroup', Array)
#8 /var/www/html/gravity-web/app/controllers/WellnessTeamController.php(179): Sprim\Model\User->removeGroup(Object(Cartalyst\Sentry\Groups\Eloquent\Group))
#9 [internal function]: WellnessTeamController->update('6')
#10 /var/www/html/gravity-web/vendor/laravel/framework/src/Illuminate/Routing/Controller.php(231): call_user_func_array(Array, Array)
#11 /var/www/html/gravity-web/bootstrap/compiled.php(5847): Illuminate\Routing\Controller->callAction('update', Array)
#12 /var/www/html/gravity-web/bootstrap/compiled.php(5835): Illuminate\Routing\ControllerDispatcher->call(Object(WellnessTeamController), Object(Illuminate\Routing\Route), 'update')
#13 /var/www/html/gravity-web/bootstrap/compiled.php(5040): Illuminate\Routing\ControllerDispatcher->dispatch(Object(Illuminate\Routing\Route), Object(Illuminate\Http\Request), 'WellnessTeamCon...', 'update')
#14 [internal function]: Illuminate\Routing\Router->Illuminate\Routing\{closure}('6')
#15 /var/www/html/gravity-web/bootstrap/compiled.php(5398): call_user_func_array(Object(Closure), Array)
#16 /var/www/html/gravity-web/bootstrap/compiled.php(5065): Illuminate\Routing\Route->run(Object(Illuminate\Http\Request))
#17 /var/www/html/gravity-web/bootstrap/compiled.php(5053): Illuminate\Routing\Router->dispatchToRoute(Object(Illuminate\Http\Request))
#18 /var/www/html/gravity-web/bootstrap/compiled.php(715): Illuminate\Routing\Router->dispatch(Object(Illuminate\Http\Request))
#19 /var/www/html/gravity-web/bootstrap/compiled.php(696): Illuminate\Foundation\Application->dispatch(Object(Illuminate\Http\Request))
#20 /var/www/html/gravity-web/vendor/barryvdh/laravel-debugbar/src/Middleware/Stack.php(34): Illuminate\Foundation\Application->handle(Object(Illuminate\Http\Request), 1, true)
#21 /var/www/html/gravity-web/bootstrap/compiled.php(7825): Barryvdh\Debugbar\Middleware\Stack->handle(Object(Illuminate\Http\Request), 1, true)
#22 /var/www/html/gravity-web/bootstrap/compiled.php(8432): Illuminate\Session\Middleware->handle(Object(Illuminate\Http\Request), 1, true)
#23 /var/www/html/gravity-web/bootstrap/compiled.php(8379): Illuminate\Cookie\Queue->handle(Object(Illuminate\Http\Request), 1, true)
#24 /var/www/html/gravity-web/bootstrap/compiled.php(11045): Illuminate\Cookie\Guard->handle(Object(Illuminate\Http\Request), 1, true)
#25 /var/www/html/gravity-web/bootstrap/compiled.php(657): Stack\StackedHttpKernel->handle(Object(Illuminate\Http\Request))
#26 /var/www/html/gravity-web/public/index.php(49): Illuminate\Foundation\Application->run()
#27 {main} [] []
[2015-06-11 09:09:36] local.ERROR: exception 'ReflectionException' with message 'Class Sprim\Repositories\Contracts\ClubUserInterface does not exist' in /var/www/html/gravity-web/bootstrap/compiled.php:253
Stack trace:
#0 /var/www/html/gravity-web/bootstrap/compiled.php(253): ReflectionParameter->getClass()
#1 /var/www/html/gravity-web/bootstrap/compiled.php(246): Illuminate\Container\Container->getDependencies(Array, Array)
#2 /var/www/html/gravity-web/bootstrap/compiled.php(205): Illuminate\Container\Container->build('WellnessTeamCon...', Array)
#3 /var/www/html/gravity-web/bootstrap/compiled.php(583): Illuminate\Container\Container->make('WellnessTeamCon...', Array)
#4 /var/www/html/gravity-web/bootstrap/compiled.php(5842): Illuminate\Foundation\Application->make('WellnessTeamCon...')
#5 /var/www/html/gravity-web/bootstrap/compiled.php(5831): Illuminate\Routing\ControllerDispatcher->makeController('WellnessTeamCon...')
#6 /var/www/html/gravity-web/bootstrap/compiled.php(5040): Illuminate\Routing\ControllerDispatcher->dispatch(Object(Illuminate\Routing\Route), Object(Illuminate\Http\Request), 'WellnessTeamCon...', 'update')
#7 [internal function]: Illuminate\Routing\Router->Illuminate\Routing\{closure}('6')
#8 /var/www/html/gravity-web/bootstrap/compiled.php(5398): call_user_func_array(Object(Closure), Array)
#9 /var/www/html/gravity-web/bootstrap/compiled.php(5065): Illuminate\Routing\Route->run(Object(Illuminate\Http\Request))
#10 /var/www/html/gravity-web/bootstrap/compiled.php(5053): Illuminate\Routing\Router->dispatchToRoute(Object(Illuminate\Http\Request))
#11 /var/www/html/gravity-web/bootstrap/compiled.php(715): Illuminate\Routing\Router->dispatch(Object(Illuminate\Http\Request))
#12 /var/www/html/gravity-web/bootstrap/compiled.php(696): Illuminate\Foundation\Application->dispatch(Object(Illuminate\Http\Request))
#13 /var/www/html/gravity-web/vendor/barryvdh/laravel-debugbar/src/Middleware/Stack.php(34): Illuminate\Foundation\Application->handle(Object(Illuminate\Http\Request), 1, true)
#14 /var/www/html/gravity-web/bootstrap/compiled.php(7825): Barryvdh\Debugbar\Middleware\Stack->handle(Object(Illuminate\Http\Request), 1, true)
#15 /var/www/html/gravity-web/bootstrap/compiled.php(8432): Illuminate\Session\Middleware->handle(Object(Illuminate\Http\Request), 1, true)
#16 /var/www/html/gravity-web/bootstrap/compiled.php(8379): Illuminate\Cookie\Queue->handle(Object(Illuminate\Http\Request), 1, true)
#17 /var/www/html/gravity-web/bootstrap/compiled.php(11045): Illuminate\Cookie\Guard->handle(Object(Illuminate\Http\Request), 1, true)
#18 /var/www/html/gravity-web/bootstrap/compiled.php(657): Stack\StackedHttpKernel->handle(Object(Illuminate\Http\Request))
#19 /var/www/html/gravity-web/public/index.php(49): Illuminate\Foundation\Application->run()
#20 {main} [] []
[2015-06-11 09:11:12] local.ERROR: exception 'ReflectionException' with message 'Class Sprim\Repositories\Contracts\ClubUserInterface does not exist' in /var/www/html/gravity-web/bootstrap/compiled.php:253
Stack trace:
#0 /var/www/html/gravity-web/bootstrap/compiled.php(253): ReflectionParameter->getClass()
#1 /var/www/html/gravity-web/bootstrap/compiled.php(246): Illuminate\Container\Container->getDependencies(Array, Array)
#2 /var/www/html/gravity-web/bootstrap/compiled.php(205): Illuminate\Container\Container->build('WellnessTeamCon...', Array)
#3 /var/www/html/gravity-web/bootstrap/compiled.php(583): Illuminate\Container\Container->make('WellnessTeamCon...', Array)
#4 /var/www/html/gravity-web/bootstrap/compiled.php(5842): Illuminate\Foundation\Application->make('WellnessTeamCon...')
#5 /var/www/html/gravity-web/bootstrap/compiled.php(5831): Illuminate\Routing\ControllerDispatcher->makeController('WellnessTeamCon...')
#6 /var/www/html/gravity-web/bootstrap/compiled.php(5040): Illuminate\Routing\ControllerDispatcher->dispatch(Object(Illuminate\Routing\Route), Object(Illuminate\Http\Request), 'WellnessTeamCon...', 'update')
#7 [internal function]: Illuminate\Routing\Router->Illuminate\Routing\{closure}('6')
#8 /var/www/html/gravity-web/bootstrap/compiled.php(5398): call_user_func_array(Object(Closure), Array)
#9 /var/www/html/gravity-web/bootstrap/compiled.php(5065): Illuminate\Routing\Route->run(Object(Illuminate\Http\Request))
#10 /var/www/html/gravity-web/bootstrap/compiled.php(5053): Illuminate\Routing\Router->dispatchToRoute(Object(Illuminate\Http\Request))
#11 /var/www/html/gravity-web/bootstrap/compiled.php(715): Illuminate\Routing\Router->dispatch(Object(Illuminate\Http\Request))
#12 /var/www/html/gravity-web/bootstrap/compiled.php(696): Illuminate\Foundation\Application->dispatch(Object(Illuminate\Http\Request))
#13 /var/www/html/gravity-web/vendor/barryvdh/laravel-debugbar/src/Middleware/Stack.php(34): Illuminate\Foundation\Application->handle(Object(Illuminate\Http\Request), 1, true)
#14 /var/www/html/gravity-web/bootstrap/compiled.php(7825): Barryvdh\Debugbar\Middleware\Stack->handle(Object(Illuminate\Http\Request), 1, true)
#15 /var/www/html/gravity-web/bootstrap/compiled.php(8432): Illuminate\Session\Middleware->handle(Object(Illuminate\Http\Request), 1, true)
#16 /var/www/html/gravity-web/bootstrap/compiled.php(8379): Illuminate\Cookie\Queue->handle(Object(Illuminate\Http\Request), 1, true)
#17 /var/www/html/gravity-web/bootstrap/compiled.php(11045): Illuminate\Cookie\Guard->handle(Object(Illuminate\Http\Request), 1, true)
#18 /var/www/html/gravity-web/bootstrap/compiled.php(657): Stack\StackedHttpKernel->handle(Object(Illuminate\Http\Request))
#19 /var/www/html/gravity-web/public/index.php(49): Illuminate\Foundation\Application->run()
#20 {main} [] []
[2015-06-11 09:14:48] local.ERROR: exception 'BadMethodCallException' with message 'Call to undefined method Illuminate\Database\Query\Builder::addGroup()' in /var/www/html/gravity-web/vendor/laravel/framework/src/Illuminate/Database/Query/Builder.php:2184
Stack trace:
#0 [internal function]: Illuminate\Database\Query\Builder->__call('addGroup', Array)
#1 [internal function]: Illuminate\Database\Query\Builder->addGroup(Object(Cartalyst\Sentry\Groups\Eloquent\Group))
#2 /var/www/html/gravity-web/vendor/laravel/framework/src/Illuminate/Database/Eloquent/Builder.php(972): call_user_func_array(Array, Array)
#3 [internal function]: Illuminate\Database\Eloquent\Builder->__call('addGroup', Array)
#4 [internal function]: LaravelBook\Ardent\Builder->addGroup(Object(Cartalyst\Sentry\Groups\Eloquent\Group))
#5 /var/www/html/gravity-web/bootstrap/compiled.php(7529): call_user_func_array(Array, Array)
#6 /var/www/html/gravity-web/vendor/laravelbook/ardent/src/LaravelBook/Ardent/Ardent.php(352): Illuminate\Database\Eloquent\Model->__call('addGroup', Array)
#7 /var/www/html/gravity-web/app/controllers/WellnessTeamController.php(241): LaravelBook\Ardent\Ardent->__call('addGroup', Array)
#8 /var/www/html/gravity-web/app/controllers/WellnessTeamController.php(241): Sprim\Model\User->addGroup(Object(Cartalyst\Sentry\Groups\Eloquent\Group))
#9 /var/www/html/gravity-web/app/controllers/WellnessTeamController.php(185): WellnessTeamController->saveOtherDetails(Object(Sprim\Model\User), Array)
#10 [internal function]: WellnessTeamController->update('6')
#11 /var/www/html/gravity-web/vendor/laravel/framework/src/Illuminate/Routing/Controller.php(231): call_user_func_array(Array, Array)
#12 /var/www/html/gravity-web/bootstrap/compiled.php(5847): Illuminate\Routing\Controller->callAction('update', Array)
#13 /var/www/html/gravity-web/bootstrap/compiled.php(5835): Illuminate\Routing\ControllerDispatcher->call(Object(WellnessTeamController), Object(Illuminate\Routing\Route), 'update')
#14 /var/www/html/gravity-web/bootstrap/compiled.php(5040): Illuminate\Routing\ControllerDispatcher->dispatch(Object(Illuminate\Routing\Route), Object(Illuminate\Http\Request), 'WellnessTeamCon...', 'update')
#15 [internal function]: Illuminate\Routing\Router->Illuminate\Routing\{closure}('6')
#16 /var/www/html/gravity-web/bootstrap/compiled.php(5398): call_user_func_array(Object(Closure), Array)
#17 /var/www/html/gravity-web/bootstrap/compiled.php(5065): Illuminate\Routing\Route->run(Object(Illuminate\Http\Request))
#18 /var/www/html/gravity-web/bootstrap/compiled.php(5053): Illuminate\Routing\Router->dispatchToRoute(Object(Illuminate\Http\Request))
#19 /var/www/html/gravity-web/bootstrap/compiled.php(715): Illuminate\Routing\Router->dispatch(Object(Illuminate\Http\Request))
#20 /var/www/html/gravity-web/bootstrap/compiled.php(696): Illuminate\Foundation\Application->dispatch(Object(Illuminate\Http\Request))
#21 /var/www/html/gravity-web/vendor/barryvdh/laravel-debugbar/src/Middleware/Stack.php(34): Illuminate\Foundation\Application->handle(Object(Illuminate\Http\Request), 1, true)
#22 /var/www/html/gravity-web/bootstrap/compiled.php(7825): Barryvdh\Debugbar\Middleware\Stack->handle(Object(Illuminate\Http\Request), 1, true)
#23 /var/www/html/gravity-web/bootstrap/compiled.php(8432): Illuminate\Session\Middleware->handle(Object(Illuminate\Http\Request), 1, true)
#24 /var/www/html/gravity-web/bootstrap/compiled.php(8379): Illuminate\Cookie\Queue->handle(Object(Illuminate\Http\Request), 1, true)
#25 /var/www/html/gravity-web/bootstrap/compiled.php(11045): Illuminate\Cookie\Guard->handle(Object(Illuminate\Http\Request), 1, true)
#26 /var/www/html/gravity-web/bootstrap/compiled.php(657): Stack\StackedHttpKernel->handle(Object(Illuminate\Http\Request))
#27 /var/www/html/gravity-web/public/index.php(49): Illuminate\Foundation\Application->run()
#28 {main} [] []
[2015-06-11 09:24:10] local.ERROR: exception 'PDOException' with message 'SQLSTATE[42S22]: Column not found: 1054 Unknown column 'type' in 'field list'' in /var/www/html/gravity-web/vendor/laravel/framework/src/Illuminate/Database/Connection.php:369
Stack trace:
#0 /var/www/html/gravity-web/vendor/laravel/framework/src/Illuminate/Database/Connection.php(369): PDO->prepare('insert into `cl...')
#1 /var/www/html/gravity-web/vendor/laravel/framework/src/Illuminate/Database/Connection.php(617): Illuminate\Database\Connection->Illuminate\Database\{closure}(Object(Illuminate\Database\MySqlConnection), 'insert into `cl...', Array)
#2 /var/www/html/gravity-web/vendor/laravel/framework/src/Illuminate/Database/Connection.php(581): Illuminate\Database\Connection->runQueryCallback('insert into `cl...', Array, Object(Closure))
#3 /var/www/html/gravity-web/vendor/laravel/framework/src/Illuminate/Database/Connection.php(370): Illuminate\Database\Connection->run('insert into `cl...', Array, Object(Closure))
#4 /var/www/html/gravity-web/vendor/laravel/framework/src/Illuminate/Database/Connection.php(327): Illuminate\Database\Connection->statement('insert into `cl...', Array)
#5 /var/www/html/gravity-web/vendor/laravel/framework/src/Illuminate/Database/Query/Processors/Processor.php(30): Illuminate\Database\Connection->insert('insert into `cl...', Array)
#6 /var/www/html/gravity-web/vendor/laravel/framework/src/Illuminate/Database/Query/Builder.php(1910): Illuminate\Database\Query\Processors\Processor->processInsertGetId(Object(Illuminate\Database\Query\Builder), 'insert into `cl...', Array, 'id')
#7 [internal function]: Illuminate\Database\Query\Builder->insertGetId(Array, 'id')
#8 /var/www/html/gravity-web/vendor/laravel/framework/src/Illuminate/Database/Eloquent/Builder.php(972): call_user_func_array(Array, Array)
#9 /var/www/html/gravity-web/bootstrap/compiled.php(6913): Illuminate\Database\Eloquent\Builder->__call('insertGetId', Array)
#10 /var/www/html/gravity-web/bootstrap/compiled.php(6913): Illuminate\Database\Eloquent\Builder->insertGetId(Array, 'id')
#11 /var/www/html/gravity-web/bootstrap/compiled.php(6903): Illuminate\Database\Eloquent\Model->insertAndSetId(Object(Illuminate\Database\Eloquent\Builder), Array)
#12 /var/www/html/gravity-web/bootstrap/compiled.php(6860): Illuminate\Database\Eloquent\Model->performInsert(Object(Illuminate\Database\Eloquent\Builder), Array)
#13 /var/www/html/gravity-web/vendor/laravelbook/ardent/src/LaravelBook/Ardent/Ardent.php(718): Illuminate\Database\Eloquent\Model->save(Array)
#14 /var/www/html/gravity-web/vendor/laravelbook/ardent/src/LaravelBook/Ardent/Ardent.php(587): LaravelBook\Ardent\Ardent->performSave(Array)
#15 /var/www/html/gravity-web/vendor/laravelbook/ardent/src/LaravelBook/Ardent/Ardent.php(611): LaravelBook\Ardent\Ardent->internalSave(Array, Array, Array, NULL, NULL, false)
#16 /var/www/html/gravity-web/bootstrap/compiled.php(6506): LaravelBook\Ardent\Ardent->save()
#17 /var/www/html/gravity-web/app/sprim/repositories/eloquent/UserRepository.php(282): Illuminate\Database\Eloquent\Model::create(Array)
#18 /var/www/html/gravity-web/app/controllers/UserController.php(71): Sprim\Repositories\Eloquent\UserRepository->createUser(Array, 9, '2')
#19 [internal function]: UserController->store()
#20 /var/www/html/gravity-web/vendor/laravel/framework/src/Illuminate/Routing/Controller.php(231): call_user_func_array(Array, Array)
#21 /var/www/html/gravity-web/bootstrap/compiled.php(5847): Illuminate\Routing\Controller->callAction('store', Array)
#22 /var/www/html/gravity-web/bootstrap/compiled.php(5835): Illuminate\Routing\ControllerDispatcher->call(Object(UserController), Object(Illuminate\Routing\Route), 'store')
#23 /var/www/html/gravity-web/bootstrap/compiled.php(5040): Illuminate\Routing\ControllerDispatcher->dispatch(Object(Illuminate\Routing\Route), Object(Illuminate\Http\Request), 'UserController', 'store')
#24 [internal function]: Illuminate\Routing\Router->Illuminate\Routing\{closure}()
#25 /var/www/html/gravity-web/bootstrap/compiled.php(5398): call_user_func_array(Object(Closure), Array)
#26 /var/www/html/gravity-web/bootstrap/compiled.php(5065): Illuminate\Routing\Route->run(Object(Illuminate\Http\Request))
#27 /var/www/html/gravity-web/bootstrap/compiled.php(5053): Illuminate\Routing\Router->dispatchToRoute(Object(Illuminate\Http\Request))
#28 /var/www/html/gravity-web/bootstrap/compiled.php(715): Illuminate\Routing\Router->dispatch(Object(Illuminate\Http\Request))
#29 /var/www/html/gravity-web/bootstrap/compiled.php(696): Illuminate\Foundation\Application->dispatch(Object(Illuminate\Http\Request))
#30 /var/www/html/gravity-web/vendor/barryvdh/laravel-debugbar/src/Middleware/Stack.php(34): Illuminate\Foundation\Application->handle(Object(Illuminate\Http\Request), 1, true)
#31 /var/www/html/gravity-web/bootstrap/compiled.php(7825): Barryvdh\Debugbar\Middleware\Stack->handle(Object(Illuminate\Http\Request), 1, true)
#32 /var/www/html/gravity-web/bootstrap/compiled.php(8432): Illuminate\Session\Middleware->handle(Object(Illuminate\Http\Request), 1, true)
#33 /var/www/html/gravity-web/bootstrap/compiled.php(8379): Illuminate\Cookie\Queue->handle(Object(Illuminate\Http\Request), 1, true)
#34 /var/www/html/gravity-web/bootstrap/compiled.php(11045): Illuminate\Cookie\Guard->handle(Object(Illuminate\Http\Request), 1, true)
#35 /var/www/html/gravity-web/bootstrap/compiled.php(657): Stack\StackedHttpKernel->handle(Object(Illuminate\Http\Request))
#36 /var/www/html/gravity-web/public/index.php(49): Illuminate\Foundation\Application->run()
#37 {main}

Next exception 'Illuminate\Database\QueryException' with message 'SQLSTATE[42S22]: Column not found: 1054 Unknown column 'type' in 'field list' (SQL: insert into `club_users` (`user_id`, `club_id`, `type`, `status`, `updated_at`, `created_at`) values (9, 2, 2, 1, 2015-06-11 09:24:10, 2015-06-11 09:24:10))' in /var/www/html/gravity-web/vendor/laravel/framework/src/Illuminate/Database/Connection.php:625
Stack trace:
#0 /var/www/html/gravity-web/vendor/laravel/framework/src/Illuminate/Database/Connection.php(581): Illuminate\Database\Connection->runQueryCallback('insert into `cl...', Array, Object(Closure))
#1 /var/www/html/gravity-web/vendor/laravel/framework/src/Illuminate/Database/Connection.php(370): Illuminate\Database\Connection->run('insert into `cl...', Array, Object(Closure))
#2 /var/www/html/gravity-web/vendor/laravel/framework/src/Illuminate/Database/Connection.php(327): Illuminate\Database\Connection->statement('insert into `cl...', Array)
#3 /var/www/html/gravity-web/vendor/laravel/framework/src/Illuminate/Database/Query/Processors/Processor.php(30): Illuminate\Database\Connection->insert('insert into `cl...', Array)
#4 /var/www/html/gravity-web/vendor/laravel/framework/src/Illuminate/Database/Query/Builder.php(1910): Illuminate\Database\Query\Processors\Processor->processInsertGetId(Object(Illuminate\Database\Query\Builder), 'insert into `cl...', Array, 'id')
#5 [internal function]: Illuminate\Database\Query\Builder->insertGetId(Array, 'id')
#6 /var/www/html/gravity-web/vendor/laravel/framework/src/Illuminate/Database/Eloquent/Builder.php(972): call_user_func_array(Array, Array)
#7 /var/www/html/gravity-web/bootstrap/compiled.php(6913): Illuminate\Database\Eloquent\Builder->__call('insertGetId', Array)
#8 /var/www/html/gravity-web/bootstrap/compiled.php(6913): Illuminate\Database\Eloquent\Builder->insertGetId(Array, 'id')
#9 /var/www/html/gravity-web/bootstrap/compiled.php(6903): Illuminate\Database\Eloquent\Model->insertAndSetId(Object(Illuminate\Database\Eloquent\Builder), Array)
#10 /var/www/html/gravity-web/bootstrap/compiled.php(6860): Illuminate\Database\Eloquent\Model->performInsert(Object(Illuminate\Database\Eloquent\Builder), Array)
#11 /var/www/html/gravity-web/vendor/laravelbook/ardent/src/LaravelBook/Ardent/Ardent.php(718): Illuminate\Database\Eloquent\Model->save(Array)
#12 /var/www/html/gravity-web/vendor/laravelbook/ardent/src/LaravelBook/Ardent/Ardent.php(587): LaravelBook\Ardent\Ardent->performSave(Array)
#13 /var/www/html/gravity-web/vendor/laravelbook/ardent/src/LaravelBook/Ardent/Ardent.php(611): LaravelBook\Ardent\Ardent->internalSave(Array, Array, Array, NULL, NULL, false)
#14 /var/www/html/gravity-web/bootstrap/compiled.php(6506): LaravelBook\Ardent\Ardent->save()
#15 /var/www/html/gravity-web/app/sprim/repositories/eloquent/UserRepository.php(282): Illuminate\Database\Eloquent\Model::create(Array)
#16 /var/www/html/gravity-web/app/controllers/UserController.php(71): Sprim\Repositories\Eloquent\UserRepository->createUser(Array, 9, '2')
#17 [internal function]: UserController->store()
#18 /var/www/html/gravity-web/vendor/laravel/framework/src/Illuminate/Routing/Controller.php(231): call_user_func_array(Array, Array)
#19 /var/www/html/gravity-web/bootstrap/compiled.php(5847): Illuminate\Routing\Controller->callAction('store', Array)
#20 /var/www/html/gravity-web/bootstrap/compiled.php(5835): Illuminate\Routing\ControllerDispatcher->call(Object(UserController), Object(Illuminate\Routing\Route), 'store')
#21 /var/www/html/gravity-web/bootstrap/compiled.php(5040): Illuminate\Routing\ControllerDispatcher->dispatch(Object(Illuminate\Routing\Route), Object(Illuminate\Http\Request), 'UserController', 'store')
#22 [internal function]: Illuminate\Routing\Router->Illuminate\Routing\{closure}()
#23 /var/www/html/gravity-web/bootstrap/compiled.php(5398): call_user_func_array(Object(Closure), Array)
#24 /var/www/html/gravity-web/bootstrap/compiled.php(5065): Illuminate\Routing\Route->run(Object(Illuminate\Http\Request))
#25 /var/www/html/gravity-web/bootstrap/compiled.php(5053): Illuminate\Routing\Router->dispatchToRoute(Object(Illuminate\Http\Request))
#26 /var/www/html/gravity-web/bootstrap/compiled.php(715): Illuminate\Routing\Router->dispatch(Object(Illuminate\Http\Request))
#27 /var/www/html/gravity-web/bootstrap/compiled.php(696): Illuminate\Foundation\Application->dispatch(Object(Illuminate\Http\Request))
#28 /var/www/html/gravity-web/vendor/barryvdh/laravel-debugbar/src/Middleware/Stack.php(34): Illuminate\Foundation\Application->handle(Object(Illuminate\Http\Request), 1, true)
#29 /var/www/html/gravity-web/bootstrap/compiled.php(7825): Barryvdh\Debugbar\Middleware\Stack->handle(Object(Illuminate\Http\Request), 1, true)
#30 /var/www/html/gravity-web/bootstrap/compiled.php(8432): Illuminate\Session\Middleware->handle(Object(Illuminate\Http\Request), 1, true)
#31 /var/www/html/gravity-web/bootstrap/compiled.php(8379): Illuminate\Cookie\Queue->handle(Object(Illuminate\Http\Request), 1, true)
#32 /var/www/html/gravity-web/bootstrap/compiled.php(11045): Illuminate\Cookie\Guard->handle(Object(Illuminate\Http\Request), 1, true)
#33 /var/www/html/gravity-web/bootstrap/compiled.php(657): Stack\StackedHttpKernel->handle(Object(Illuminate\Http\Request))
#34 /var/www/html/gravity-web/public/index.php(49): Illuminate\Foundation\Application->run()
#35 {main} [] []
[2015-06-11 09:25:21] local.ERROR: exception 'Cartalyst\Sentry\Users\UserExistsException' with message 'A user already exists with login [vijay.hegde@sprim], logins must be unique for users.' in /var/www/html/gravity-web/vendor/cartalyst/sentry/src/Cartalyst/Sentry/Users/Eloquent/User.php:301
Stack trace:
#0 /var/www/html/gravity-web/vendor/cartalyst/sentry/src/Cartalyst/Sentry/Users/Eloquent/User.php(315): Cartalyst\Sentry\Users\Eloquent\User->validate()
#1 /var/www/html/gravity-web/vendor/cartalyst/sentry/src/Cartalyst/Sentry/Users/Eloquent/Provider.php(297): Cartalyst\Sentry\Users\Eloquent\User->save()
#2 /var/www/html/gravity-web/vendor/cartalyst/sentry/src/Cartalyst/Sentry/Sentry.php(141): Cartalyst\Sentry\Users\Eloquent\Provider->create(Array)
#3 /var/www/html/gravity-web/bootstrap/compiled.php(3267): Cartalyst\Sentry\Sentry->register(Array)
#4 /var/www/html/gravity-web/app/controllers/UserController.php(62): Illuminate\Support\Facades\Facade::__callStatic('register', Array)
#5 /var/www/html/gravity-web/app/controllers/UserController.php(62): Cartalyst\Sentry\Facades\Laravel\Sentry::register(Array)
#6 [internal function]: UserController->store()
#7 /var/www/html/gravity-web/vendor/laravel/framework/src/Illuminate/Routing/Controller.php(231): call_user_func_array(Array, Array)
#8 /var/www/html/gravity-web/bootstrap/compiled.php(5847): Illuminate\Routing\Controller->callAction('store', Array)
#9 /var/www/html/gravity-web/bootstrap/compiled.php(5835): Illuminate\Routing\ControllerDispatcher->call(Object(UserController), Object(Illuminate\Routing\Route), 'store')
#10 /var/www/html/gravity-web/bootstrap/compiled.php(5040): Illuminate\Routing\ControllerDispatcher->dispatch(Object(Illuminate\Routing\Route), Object(Illuminate\Http\Request), 'UserController', 'store')
#11 [internal function]: Illuminate\Routing\Router->Illuminate\Routing\{closure}()
#12 /var/www/html/gravity-web/bootstrap/compiled.php(5398): call_user_func_array(Object(Closure), Array)
#13 /var/www/html/gravity-web/bootstrap/compiled.php(5065): Illuminate\Routing\Route->run(Object(Illuminate\Http\Request))
#14 /var/www/html/gravity-web/bootstrap/compiled.php(5053): Illuminate\Routing\Router->dispatchToRoute(Object(Illuminate\Http\Request))
#15 /var/www/html/gravity-web/bootstrap/compiled.php(715): Illuminate\Routing\Router->dispatch(Object(Illuminate\Http\Request))
#16 /var/www/html/gravity-web/bootstrap/compiled.php(696): Illuminate\Foundation\Application->dispatch(Object(Illuminate\Http\Request))
#17 /var/www/html/gravity-web/vendor/barryvdh/laravel-debugbar/src/Middleware/Stack.php(34): Illuminate\Foundation\Application->handle(Object(Illuminate\Http\Request), 1, true)
#18 /var/www/html/gravity-web/bootstrap/compiled.php(7825): Barryvdh\Debugbar\Middleware\Stack->handle(Object(Illuminate\Http\Request), 1, true)
#19 /var/www/html/gravity-web/bootstrap/compiled.php(8432): Illuminate\Session\Middleware->handle(Object(Illuminate\Http\Request), 1, true)
#20 /var/www/html/gravity-web/bootstrap/compiled.php(8379): Illuminate\Cookie\Queue->handle(Object(Illuminate\Http\Request), 1, true)
#21 /var/www/html/gravity-web/bootstrap/compiled.php(11045): Illuminate\Cookie\Guard->handle(Object(Illuminate\Http\Request), 1, true)
#22 /var/www/html/gravity-web/bootstrap/compiled.php(657): Stack\StackedHttpKernel->handle(Object(Illuminate\Http\Request))
#23 /var/www/html/gravity-web/public/index.php(49): Illuminate\Foundation\Application->run()
#24 {main} [] []
[2015-06-11 09:37:48] local.ERROR: exception 'ErrorException' with message 'Undefined variable: check_exist' in /var/www/html/gravity-web/app/sprim/repositories/eloquent/ProfileRepository.php:30
Stack trace:
#0 /var/www/html/gravity-web/app/sprim/repositories/eloquent/ProfileRepository.php(30): Illuminate\Exception\Handler->handleError(8, 'Undefined varia...', '/var/www/html/g...', 30, Array)
#1 /var/www/html/gravity-web/app/controllers/WellnessTeamController.php(254): Sprim\Repositories\Eloquent\ProfileRepository->_save('6', Array)
#2 /var/www/html/gravity-web/app/controllers/WellnessTeamController.php(185): WellnessTeamController->saveOtherDetails(Object(Cartalyst\Sentry\Users\Eloquent\User), Array)
#3 [internal function]: WellnessTeamController->update('6')
#4 /var/www/html/gravity-web/vendor/laravel/framework/src/Illuminate/Routing/Controller.php(231): call_user_func_array(Array, Array)
#5 /var/www/html/gravity-web/bootstrap/compiled.php(5847): Illuminate\Routing\Controller->callAction('update', Array)
#6 /var/www/html/gravity-web/bootstrap/compiled.php(5835): Illuminate\Routing\ControllerDispatcher->call(Object(WellnessTeamController), Object(Illuminate\Routing\Route), 'update')
#7 /var/www/html/gravity-web/bootstrap/compiled.php(5040): Illuminate\Routing\ControllerDispatcher->dispatch(Object(Illuminate\Routing\Route), Object(Illuminate\Http\Request), 'WellnessTeamCon...', 'update')
#8 [internal function]: Illuminate\Routing\Router->Illuminate\Routing\{closure}('6')
#9 /var/www/html/gravity-web/bootstrap/compiled.php(5398): call_user_func_array(Object(Closure), Array)
#10 /var/www/html/gravity-web/bootstrap/compiled.php(5065): Illuminate\Routing\Route->run(Object(Illuminate\Http\Request))
#11 /var/www/html/gravity-web/bootstrap/compiled.php(5053): Illuminate\Routing\Router->dispatchToRoute(Object(Illuminate\Http\Request))
#12 /var/www/html/gravity-web/bootstrap/compiled.php(715): Illuminate\Routing\Router->dispatch(Object(Illuminate\Http\Request))
#13 /var/www/html/gravity-web/bootstrap/compiled.php(696): Illuminate\Foundation\Application->dispatch(Object(Illuminate\Http\Request))
#14 /var/www/html/gravity-web/vendor/barryvdh/laravel-debugbar/src/Middleware/Stack.php(34): Illuminate\Foundation\Application->handle(Object(Illuminate\Http\Request), 1, true)
#15 /var/www/html/gravity-web/bootstrap/compiled.php(7825): Barryvdh\Debugbar\Middleware\Stack->handle(Object(Illuminate\Http\Request), 1, true)
#16 /var/www/html/gravity-web/bootstrap/compiled.php(8432): Illuminate\Session\Middleware->handle(Object(Illuminate\Http\Request), 1, true)
#17 /var/www/html/gravity-web/bootstrap/compiled.php(8379): Illuminate\Cookie\Queue->handle(Object(Illuminate\Http\Request), 1, true)
#18 /var/www/html/gravity-web/bootstrap/compiled.php(11045): Illuminate\Cookie\Guard->handle(Object(Illuminate\Http\Request), 1, true)
#19 /var/www/html/gravity-web/bootstrap/compiled.php(657): Stack\StackedHttpKernel->handle(Object(Illuminate\Http\Request))
#20 /var/www/html/gravity-web/public/index.php(49): Illuminate\Foundation\Application->run()
#21 {main} [] []
[2015-06-11 09:39:39] local.ERROR: exception 'ErrorException' with message 'Undefined property: Illuminate\Database\Eloquent\Collection::$address_id' in /var/www/html/gravity-web/app/sprim/repositories/eloquent/ProfileRepository.php:36
Stack trace:
#0 /var/www/html/gravity-web/app/sprim/repositories/eloquent/ProfileRepository.php(36): Illuminate\Exception\Handler->handleError(8, 'Undefined prope...', '/var/www/html/g...', 36, Array)
#1 /var/www/html/gravity-web/app/controllers/WellnessTeamController.php(254): Sprim\Repositories\Eloquent\ProfileRepository->_save('6', Array)
#2 /var/www/html/gravity-web/app/controllers/WellnessTeamController.php(185): WellnessTeamController->saveOtherDetails(Object(Cartalyst\Sentry\Users\Eloquent\User), Array)
#3 [internal function]: WellnessTeamController->update('6')
#4 /var/www/html/gravity-web/vendor/laravel/framework/src/Illuminate/Routing/Controller.php(231): call_user_func_array(Array, Array)
#5 /var/www/html/gravity-web/bootstrap/compiled.php(5847): Illuminate\Routing\Controller->callAction('update', Array)
#6 /var/www/html/gravity-web/bootstrap/compiled.php(5835): Illuminate\Routing\ControllerDispatcher->call(Object(WellnessTeamController), Object(Illuminate\Routing\Route), 'update')
#7 /var/www/html/gravity-web/bootstrap/compiled.php(5040): Illuminate\Routing\ControllerDispatcher->dispatch(Object(Illuminate\Routing\Route), Object(Illuminate\Http\Request), 'WellnessTeamCon...', 'update')
#8 [internal function]: Illuminate\Routing\Router->Illuminate\Routing\{closure}('6')
#9 /var/www/html/gravity-web/bootstrap/compiled.php(5398): call_user_func_array(Object(Closure), Array)
#10 /var/www/html/gravity-web/bootstrap/compiled.php(5065): Illuminate\Routing\Route->run(Object(Illuminate\Http\Request))
#11 /var/www/html/gravity-web/bootstrap/compiled.php(5053): Illuminate\Routing\Router->dispatchToRoute(Object(Illuminate\Http\Request))
#12 /var/www/html/gravity-web/bootstrap/compiled.php(715): Illuminate\Routing\Router->dispatch(Object(Illuminate\Http\Request))
#13 /var/www/html/gravity-web/bootstrap/compiled.php(696): Illuminate\Foundation\Application->dispatch(Object(Illuminate\Http\Request))
#14 /var/www/html/gravity-web/vendor/barryvdh/laravel-debugbar/src/Middleware/Stack.php(34): Illuminate\Foundation\Application->handle(Object(Illuminate\Http\Request), 1, true)
#15 /var/www/html/gravity-web/bootstrap/compiled.php(7825): Barryvdh\Debugbar\Middleware\Stack->handle(Object(Illuminate\Http\Request), 1, true)
#16 /var/www/html/gravity-web/bootstrap/compiled.php(8432): Illuminate\Session\Middleware->handle(Object(Illuminate\Http\Request), 1, true)
#17 /var/www/html/gravity-web/bootstrap/compiled.php(8379): Illuminate\Cookie\Queue->handle(Object(Illuminate\Http\Request), 1, true)
#18 /var/www/html/gravity-web/bootstrap/compiled.php(11045): Illuminate\Cookie\Guard->handle(Object(Illuminate\Http\Request), 1, true)
#19 /var/www/html/gravity-web/bootstrap/compiled.php(657): Stack\StackedHttpKernel->handle(Object(Illuminate\Http\Request))
#20 /var/www/html/gravity-web/public/index.php(49): Illuminate\Foundation\Application->run()
#21 {main} [] []
[2015-06-11 09:40:34] local.ERROR: exception 'ErrorException' with message 'Undefined property: Illuminate\Database\Eloquent\Collection::$address_id' in /var/www/html/gravity-web/app/sprim/repositories/eloquent/ProfileRepository.php:36
Stack trace:
#0 /var/www/html/gravity-web/app/sprim/repositories/eloquent/ProfileRepository.php(36): Illuminate\Exception\Handler->handleError(8, 'Undefined prope...', '/var/www/html/g...', 36, Array)
#1 /var/www/html/gravity-web/app/controllers/WellnessTeamController.php(254): Sprim\Repositories\Eloquent\ProfileRepository->_save('6', Array)
#2 /var/www/html/gravity-web/app/controllers/WellnessTeamController.php(185): WellnessTeamController->saveOtherDetails(Object(Cartalyst\Sentry\Users\Eloquent\User), Array)
#3 [internal function]: WellnessTeamController->update('6')
#4 /var/www/html/gravity-web/vendor/laravel/framework/src/Illuminate/Routing/Controller.php(231): call_user_func_array(Array, Array)
#5 /var/www/html/gravity-web/bootstrap/compiled.php(5847): Illuminate\Routing\Controller->callAction('update', Array)
#6 /var/www/html/gravity-web/bootstrap/compiled.php(5835): Illuminate\Routing\ControllerDispatcher->call(Object(WellnessTeamController), Object(Illuminate\Routing\Route), 'update')
#7 /var/www/html/gravity-web/bootstrap/compiled.php(5040): Illuminate\Routing\ControllerDispatcher->dispatch(Object(Illuminate\Routing\Route), Object(Illuminate\Http\Request), 'WellnessTeamCon...', 'update')
#8 [internal function]: Illuminate\Routing\Router->Illuminate\Routing\{closure}('6')
#9 /var/www/html/gravity-web/bootstrap/compiled.php(5398): call_user_func_array(Object(Closure), Array)
#10 /var/www/html/gravity-web/bootstrap/compiled.php(5065): Illuminate\Routing\Route->run(Object(Illuminate\Http\Request))
#11 /var/www/html/gravity-web/bootstrap/compiled.php(5053): Illuminate\Routing\Router->dispatchToRoute(Object(Illuminate\Http\Request))
#12 /var/www/html/gravity-web/bootstrap/compiled.php(715): Illuminate\Routing\Router->dispatch(Object(Illuminate\Http\Request))
#13 /var/www/html/gravity-web/bootstrap/compiled.php(696): Illuminate\Foundation\Application->dispatch(Object(Illuminate\Http\Request))
#14 /var/www/html/gravity-web/vendor/barryvdh/laravel-debugbar/src/Middleware/Stack.php(34): Illuminate\Foundation\Application->handle(Object(Illuminate\Http\Request), 1, true)
#15 /var/www/html/gravity-web/bootstrap/compiled.php(7825): Barryvdh\Debugbar\Middleware\Stack->handle(Object(Illuminate\Http\Request), 1, true)
#16 /var/www/html/gravity-web/bootstrap/compiled.php(8432): Illuminate\Session\Middleware->handle(Object(Illuminate\Http\Request), 1, true)
#17 /var/www/html/gravity-web/bootstrap/compiled.php(8379): Illuminate\Cookie\Queue->handle(Object(Illuminate\Http\Request), 1, true)
#18 /var/www/html/gravity-web/bootstrap/compiled.php(11045): Illuminate\Cookie\Guard->handle(Object(Illuminate\Http\Request), 1, true)
#19 /var/www/html/gravity-web/bootstrap/compiled.php(657): Stack\StackedHttpKernel->handle(Object(Illuminate\Http\Request))
#20 /var/www/html/gravity-web/public/index.php(49): Illuminate\Foundation\Application->run()
#21 {main} [] []
[2015-06-11 09:44:47] local.ERROR: exception 'BadMethodCallException' with message 'Call to undefined method Illuminate\Database\Query\Builder::getFirstBy()' in /var/www/html/gravity-web/vendor/laravel/framework/src/Illuminate/Database/Query/Builder.php:2184
Stack trace:
#0 [internal function]: Illuminate\Database\Query\Builder->__call('getFirstBy', Array)
#1 [internal function]: Illuminate\Database\Query\Builder->getFirstBy('user_id', '6')
#2 /var/www/html/gravity-web/vendor/laravel/framework/src/Illuminate/Database/Eloquent/Builder.php(972): call_user_func_array(Array, Array)
#3 [internal function]: Illuminate\Database\Eloquent\Builder->__call('getFirstBy', Array)
#4 [internal function]: LaravelBook\Ardent\Builder->getFirstBy('user_id', '6')
#5 /var/www/html/gravity-web/bootstrap/compiled.php(7529): call_user_func_array(Array, Array)
#6 /var/www/html/gravity-web/vendor/laravelbook/ardent/src/LaravelBook/Ardent/Ardent.php(352): Illuminate\Database\Eloquent\Model->__call('getFirstBy', Array)
#7 /var/www/html/gravity-web/app/sprim/repositories/eloquent/ProfileRepository.php(28): LaravelBook\Ardent\Ardent->__call('getFirstBy', Array)
#8 /var/www/html/gravity-web/app/sprim/repositories/eloquent/ProfileRepository.php(28): Sprim\Model\Profile->getFirstBy('user_id', '6')
#9 /var/www/html/gravity-web/app/controllers/WellnessTeamController.php(254): Sprim\Repositories\Eloquent\ProfileRepository->_save('6', Array)
#10 /var/www/html/gravity-web/app/controllers/WellnessTeamController.php(185): WellnessTeamController->saveOtherDetails(Object(Cartalyst\Sentry\Users\Eloquent\User), Array)
#11 [internal function]: WellnessTeamController->update('6')
#12 /var/www/html/gravity-web/vendor/laravel/framework/src/Illuminate/Routing/Controller.php(231): call_user_func_array(Array, Array)
#13 /var/www/html/gravity-web/bootstrap/compiled.php(5847): Illuminate\Routing\Controller->callAction('update', Array)
#14 /var/www/html/gravity-web/bootstrap/compiled.php(5835): Illuminate\Routing\ControllerDispatcher->call(Object(WellnessTeamController), Object(Illuminate\Routing\Route), 'update')
#15 /var/www/html/gravity-web/bootstrap/compiled.php(5040): Illuminate\Routing\ControllerDispatcher->dispatch(Object(Illuminate\Routing\Route), Object(Illuminate\Http\Request), 'WellnessTeamCon...', 'update')
#16 [internal function]: Illuminate\Routing\Router->Illuminate\Routing\{closure}('6')
#17 /var/www/html/gravity-web/bootstrap/compiled.php(5398): call_user_func_array(Object(Closure), Array)
#18 /var/www/html/gravity-web/bootstrap/compiled.php(5065): Illuminate\Routing\Route->run(Object(Illuminate\Http\Request))
#19 /var/www/html/gravity-web/bootstrap/compiled.php(5053): Illuminate\Routing\Router->dispatchToRoute(Object(Illuminate\Http\Request))
#20 /var/www/html/gravity-web/bootstrap/compiled.php(715): Illuminate\Routing\Router->dispatch(Object(Illuminate\Http\Request))
#21 /var/www/html/gravity-web/bootstrap/compiled.php(696): Illuminate\Foundation\Application->dispatch(Object(Illuminate\Http\Request))
#22 /var/www/html/gravity-web/vendor/barryvdh/laravel-debugbar/src/Middleware/Stack.php(34): Illuminate\Foundation\Application->handle(Object(Illuminate\Http\Request), 1, true)
#23 /var/www/html/gravity-web/bootstrap/compiled.php(7825): Barryvdh\Debugbar\Middleware\Stack->handle(Object(Illuminate\Http\Request), 1, true)
#24 /var/www/html/gravity-web/bootstrap/compiled.php(8432): Illuminate\Session\Middleware->handle(Object(Illuminate\Http\Request), 1, true)
#25 /var/www/html/gravity-web/bootstrap/compiled.php(8379): Illuminate\Cookie\Queue->handle(Object(Illuminate\Http\Request), 1, true)
#26 /var/www/html/gravity-web/bootstrap/compiled.php(11045): Illuminate\Cookie\Guard->handle(Object(Illuminate\Http\Request), 1, true)
#27 /var/www/html/gravity-web/bootstrap/compiled.php(657): Stack\StackedHttpKernel->handle(Object(Illuminate\Http\Request))
#28 /var/www/html/gravity-web/public/index.php(49): Illuminate\Foundation\Application->run()
#29 {main} [] []
[2015-06-11 09:49:21] local.ERROR: exception 'BadMethodCallException' with message 'Call to undefined method Illuminate\Database\Query\Builder::isEmpty()' in /var/www/html/gravity-web/vendor/laravel/framework/src/Illuminate/Database/Query/Builder.php:2184
Stack trace:
#0 [internal function]: Illuminate\Database\Query\Builder->__call('isEmpty', Array)
#1 [internal function]: Illuminate\Database\Query\Builder->isEmpty()
#2 /var/www/html/gravity-web/vendor/laravel/framework/src/Illuminate/Database/Eloquent/Builder.php(972): call_user_func_array(Array, Array)
#3 [internal function]: Illuminate\Database\Eloquent\Builder->__call('isEmpty', Array)
#4 [internal function]: LaravelBook\Ardent\Builder->isEmpty()
#5 /var/www/html/gravity-web/bootstrap/compiled.php(7529): call_user_func_array(Array, Array)
#6 /var/www/html/gravity-web/vendor/laravelbook/ardent/src/LaravelBook/Ardent/Ardent.php(352): Illuminate\Database\Eloquent\Model->__call('isEmpty', Array)
#7 /var/www/html/gravity-web/app/sprim/repositories/eloquent/ProfileRepository.php(30): LaravelBook\Ardent\Ardent->__call('isEmpty', Array)
#8 /var/www/html/gravity-web/app/sprim/repositories/eloquent/ProfileRepository.php(30): Sprim\Model\Profile->isEmpty()
#9 /var/www/html/gravity-web/app/controllers/WellnessTeamController.php(254): Sprim\Repositories\Eloquent\ProfileRepository->_save('6', Array)
#10 /var/www/html/gravity-web/app/controllers/WellnessTeamController.php(185): WellnessTeamController->saveOtherDetails(Object(Cartalyst\Sentry\Users\Eloquent\User), Array)
#11 [internal function]: WellnessTeamController->update('6')
#12 /var/www/html/gravity-web/vendor/laravel/framework/src/Illuminate/Routing/Controller.php(231): call_user_func_array(Array, Array)
#13 /var/www/html/gravity-web/bootstrap/compiled.php(5847): Illuminate\Routing\Controller->callAction('update', Array)
#14 /var/www/html/gravity-web/bootstrap/compiled.php(5835): Illuminate\Routing\ControllerDispatcher->call(Object(WellnessTeamController), Object(Illuminate\Routing\Route), 'update')
#15 /var/www/html/gravity-web/bootstrap/compiled.php(5040): Illuminate\Routing\ControllerDispatcher->dispatch(Object(Illuminate\Routing\Route), Object(Illuminate\Http\Request), 'WellnessTeamCon...', 'update')
#16 [internal function]: Illuminate\Routing\Router->Illuminate\Routing\{closure}('6')
#17 /var/www/html/gravity-web/bootstrap/compiled.php(5398): call_user_func_array(Object(Closure), Array)
#18 /var/www/html/gravity-web/bootstrap/compiled.php(5065): Illuminate\Routing\Route->run(Object(Illuminate\Http\Request))
#19 /var/www/html/gravity-web/bootstrap/compiled.php(5053): Illuminate\Routing\Router->dispatchToRoute(Object(Illuminate\Http\Request))
#20 /var/www/html/gravity-web/bootstrap/compiled.php(715): Illuminate\Routing\Router->dispatch(Object(Illuminate\Http\Request))
#21 /var/www/html/gravity-web/bootstrap/compiled.php(696): Illuminate\Foundation\Application->dispatch(Object(Illuminate\Http\Request))
#22 /var/www/html/gravity-web/vendor/barryvdh/laravel-debugbar/src/Middleware/Stack.php(34): Illuminate\Foundation\Application->handle(Object(Illuminate\Http\Request), 1, true)
#23 /var/www/html/gravity-web/bootstrap/compiled.php(7825): Barryvdh\Debugbar\Middleware\Stack->handle(Object(Illuminate\Http\Request), 1, true)
#24 /var/www/html/gravity-web/bootstrap/compiled.php(8432): Illuminate\Session\Middleware->handle(Object(Illuminate\Http\Request), 1, true)
#25 /var/www/html/gravity-web/bootstrap/compiled.php(8379): Illuminate\Cookie\Queue->handle(Object(Illuminate\Http\Request), 1, true)
#26 /var/www/html/gravity-web/bootstrap/compiled.php(11045): Illuminate\Cookie\Guard->handle(Object(Illuminate\Http\Request), 1, true)
#27 /var/www/html/gravity-web/bootstrap/compiled.php(657): Stack\StackedHttpKernel->handle(Object(Illuminate\Http\Request))
#28 /var/www/html/gravity-web/public/index.php(49): Illuminate\Foundation\Application->run()
#29 {main} [] []
[2015-06-11 09:54:58] local.ERROR: exception 'Symfony\Component\Debug\Exception\FatalErrorException' with message 'syntax error, unexpected '{'' in /var/www/html/gravity-web/app/sprim/repositories/eloquent/ProfileRepository.php:43
Stack trace:
#0 [internal function]: Illuminate\Exception\Handler->handleShutdown()
#1 {main} [] []
[2015-06-11 10:02:15] local.ERROR: exception 'Symfony\Component\Debug\Exception\FatalErrorException' with message 'Call to undefined method Helpers::formLabel()' in /var/www/html/gravity-web/app/storage/views/1332f9938fe979bc2892b4a8fbfd5198:10
Stack trace:
#0 [internal function]: Illuminate\Exception\Handler->handleShutdown()
#1 {main} [] []
[2015-06-11 10:05:30] local.ERROR: exception 'Symfony\Component\Debug\Exception\FatalErrorException' with message 'syntax error, unexpected ';'' in /var/www/html/gravity-web/app/storage/views/1332f9938fe979bc2892b4a8fbfd5198:9
Stack trace:
#0 [internal function]: Illuminate\Exception\Handler->handleShutdown()
#1 {main} [] []
[2015-06-11 10:05:53] local.ERROR: exception 'Symfony\Component\Debug\Exception\FatalErrorException' with message 'syntax error, unexpected ';'' in /var/www/html/gravity-web/app/storage/views/1332f9938fe979bc2892b4a8fbfd5198:9
Stack trace:
#0 [internal function]: Illuminate\Exception\Handler->handleShutdown()
#1 {main} [] []
[2015-06-11 10:06:51] local.ERROR: exception 'Symfony\Component\Debug\Exception\FatalErrorException' with message 'syntax error, unexpected ';'' in /var/www/html/gravity-web/app/storage/views/1332f9938fe979bc2892b4a8fbfd5198:9
Stack trace:
#0 [internal function]: Illuminate\Exception\Handler->handleShutdown()
#1 {main} [] []
[2015-06-11 10:07:51] local.ERROR: exception 'Symfony\Component\Debug\Exception\FatalErrorException' with message 'syntax error, unexpected ';'' in /var/www/html/gravity-web/app/storage/views/1332f9938fe979bc2892b4a8fbfd5198:9
Stack trace:
#0 [internal function]: Illuminate\Exception\Handler->handleShutdown()
#1 {main} [] []
[2015-06-11 10:20:48] local.ERROR: exception 'ErrorException' with message 'Undefined variable: file_check' in /var/www/html/gravity-web/app/controllers/WellnessTeamController.php:259
Stack trace:
#0 /var/www/html/gravity-web/app/controllers/WellnessTeamController.php(259): Illuminate\Exception\Handler->handleError(8, 'Undefined varia...', '/var/www/html/g...', 259, Array)
#1 /var/www/html/gravity-web/app/controllers/WellnessTeamController.php(185): WellnessTeamController->saveOtherDetails(Object(Cartalyst\Sentry\Users\Eloquent\User), Array)
#2 [internal function]: WellnessTeamController->update('6')
#3 /var/www/html/gravity-web/vendor/laravel/framework/src/Illuminate/Routing/Controller.php(231): call_user_func_array(Array, Array)
#4 /var/www/html/gravity-web/bootstrap/compiled.php(5847): Illuminate\Routing\Controller->callAction('update', Array)
#5 /var/www/html/gravity-web/bootstrap/compiled.php(5835): Illuminate\Routing\ControllerDispatcher->call(Object(WellnessTeamController), Object(Illuminate\Routing\Route), 'update')
#6 /var/www/html/gravity-web/bootstrap/compiled.php(5040): Illuminate\Routing\ControllerDispatcher->dispatch(Object(Illuminate\Routing\Route), Object(Illuminate\Http\Request), 'WellnessTeamCon...', 'update')
#7 [internal function]: Illuminate\Routing\Router->Illuminate\Routing\{closure}('6')
#8 /var/www/html/gravity-web/bootstrap/compiled.php(5398): call_user_func_array(Object(Closure), Array)
#9 /var/www/html/gravity-web/bootstrap/compiled.php(5065): Illuminate\Routing\Route->run(Object(Illuminate\Http\Request))
#10 /var/www/html/gravity-web/bootstrap/compiled.php(5053): Illuminate\Routing\Router->dispatchToRoute(Object(Illuminate\Http\Request))
#11 /var/www/html/gravity-web/bootstrap/compiled.php(715): Illuminate\Routing\Router->dispatch(Object(Illuminate\Http\Request))
#12 /var/www/html/gravity-web/bootstrap/compiled.php(696): Illuminate\Foundation\Application->dispatch(Object(Illuminate\Http\Request))
#13 /var/www/html/gravity-web/vendor/barryvdh/laravel-debugbar/src/Middleware/Stack.php(34): Illuminate\Foundation\Application->handle(Object(Illuminate\Http\Request), 1, true)
#14 /var/www/html/gravity-web/bootstrap/compiled.php(7825): Barryvdh\Debugbar\Middleware\Stack->handle(Object(Illuminate\Http\Request), 1, true)
#15 /var/www/html/gravity-web/bootstrap/compiled.php(8432): Illuminate\Session\Middleware->handle(Object(Illuminate\Http\Request), 1, true)
#16 /var/www/html/gravity-web/bootstrap/compiled.php(8379): Illuminate\Cookie\Queue->handle(Object(Illuminate\Http\Request), 1, true)
#17 /var/www/html/gravity-web/bootstrap/compiled.php(11045): Illuminate\Cookie\Guard->handle(Object(Illuminate\Http\Request), 1, true)
#18 /var/www/html/gravity-web/bootstrap/compiled.php(657): Stack\StackedHttpKernel->handle(Object(Illuminate\Http\Request))
#19 /var/www/html/gravity-web/public/index.php(49): Illuminate\Foundation\Application->run()
#20 {main} [] []
[2015-06-11 10:22:20] local.ERROR: exception 'ErrorException' with message 'Undefined property: WellnessTeamController::$file' in /var/www/html/gravity-web/app/controllers/WellnessTeamController.php:263
Stack trace:
#0 /var/www/html/gravity-web/app/controllers/WellnessTeamController.php(263): Illuminate\Exception\Handler->handleError(8, 'Undefined prope...', '/var/www/html/g...', 263, Array)
#1 /var/www/html/gravity-web/app/controllers/WellnessTeamController.php(185): WellnessTeamController->saveOtherDetails(Object(Cartalyst\Sentry\Users\Eloquent\User), Array)
#2 [internal function]: WellnessTeamController->update('6')
#3 /var/www/html/gravity-web/vendor/laravel/framework/src/Illuminate/Routing/Controller.php(231): call_user_func_array(Array, Array)
#4 /var/www/html/gravity-web/bootstrap/compiled.php(5847): Illuminate\Routing\Controller->callAction('update', Array)
#5 /var/www/html/gravity-web/bootstrap/compiled.php(5835): Illuminate\Routing\ControllerDispatcher->call(Object(WellnessTeamController), Object(Illuminate\Routing\Route), 'update')
#6 /var/www/html/gravity-web/bootstrap/compiled.php(5040): Illuminate\Routing\ControllerDispatcher->dispatch(Object(Illuminate\Routing\Route), Object(Illuminate\Http\Request), 'WellnessTeamCon...', 'update')
#7 [internal function]: Illuminate\Routing\Router->Illuminate\Routing\{closure}('6')
#8 /var/www/html/gravity-web/bootstrap/compiled.php(5398): call_user_func_array(Object(Closure), Array)
#9 /var/www/html/gravity-web/bootstrap/compiled.php(5065): Illuminate\Routing\Route->run(Object(Illuminate\Http\Request))
#10 /var/www/html/gravity-web/bootstrap/compiled.php(5053): Illuminate\Routing\Router->dispatchToRoute(Object(Illuminate\Http\Request))
#11 /var/www/html/gravity-web/bootstrap/compiled.php(715): Illuminate\Routing\Router->dispatch(Object(Illuminate\Http\Request))
#12 /var/www/html/gravity-web/bootstrap/compiled.php(696): Illuminate\Foundation\Application->dispatch(Object(Illuminate\Http\Request))
#13 /var/www/html/gravity-web/vendor/barryvdh/laravel-debugbar/src/Middleware/Stack.php(34): Illuminate\Foundation\Application->handle(Object(Illuminate\Http\Request), 1, true)
#14 /var/www/html/gravity-web/bootstrap/compiled.php(7825): Barryvdh\Debugbar\Middleware\Stack->handle(Object(Illuminate\Http\Request), 1, true)
#15 /var/www/html/gravity-web/bootstrap/compiled.php(8432): Illuminate\Session\Middleware->handle(Object(Illuminate\Http\Request), 1, true)
#16 /var/www/html/gravity-web/bootstrap/compiled.php(8379): Illuminate\Cookie\Queue->handle(Object(Illuminate\Http\Request), 1, true)
#17 /var/www/html/gravity-web/bootstrap/compiled.php(11045): Illuminate\Cookie\Guard->handle(Object(Illuminate\Http\Request), 1, true)
#18 /var/www/html/gravity-web/bootstrap/compiled.php(657): Stack\StackedHttpKernel->handle(Object(Illuminate\Http\Request))
#19 /var/www/html/gravity-web/public/index.php(49): Illuminate\Foundation\Application->run()
#20 {main} [] []
[2015-06-11 10:24:32] local.ERROR: exception 'Intervention\Image\Exception\NotWritableException' with message 'Can't write image data to path (img/yn1gmZ50.jpg)' in /var/www/html/gravity-web/vendor/intervention/image/src/Intervention/Image/Image.php:87
Stack trace:
#0 /var/www/html/gravity-web/app/sprim/Utils.php(103): Intervention\Image\Image->save('img/yn1gmZ50.jp...')
#1 /var/www/html/gravity-web/app/controllers/WellnessTeamController.php(267): Utils::uploadFile('profile_pic', 'img')
#2 /var/www/html/gravity-web/app/controllers/WellnessTeamController.php(189): WellnessTeamController->saveOtherDetails(Object(Cartalyst\Sentry\Users\Eloquent\User), Array)
#3 [internal function]: WellnessTeamController->update('6')
#4 /var/www/html/gravity-web/vendor/laravel/framework/src/Illuminate/Routing/Controller.php(231): call_user_func_array(Array, Array)
#5 /var/www/html/gravity-web/bootstrap/compiled.php(5847): Illuminate\Routing\Controller->callAction('update', Array)
#6 /var/www/html/gravity-web/bootstrap/compiled.php(5835): Illuminate\Routing\ControllerDispatcher->call(Object(WellnessTeamController), Object(Illuminate\Routing\Route), 'update')
#7 /var/www/html/gravity-web/bootstrap/compiled.php(5040): Illuminate\Routing\ControllerDispatcher->dispatch(Object(Illuminate\Routing\Route), Object(Illuminate\Http\Request), 'WellnessTeamCon...', 'update')
#8 [internal function]: Illuminate\Routing\Router->Illuminate\Routing\{closure}('6')
#9 /var/www/html/gravity-web/bootstrap/compiled.php(5398): call_user_func_array(Object(Closure), Array)
#10 /var/www/html/gravity-web/bootstrap/compiled.php(5065): Illuminate\Routing\Route->run(Object(Illuminate\Http\Request))
#11 /var/www/html/gravity-web/bootstrap/compiled.php(5053): Illuminate\Routing\Router->dispatchToRoute(Object(Illuminate\Http\Request))
#12 /var/www/html/gravity-web/bootstrap/compiled.php(715): Illuminate\Routing\Router->dispatch(Object(Illuminate\Http\Request))
#13 /var/www/html/gravity-web/bootstrap/compiled.php(696): Illuminate\Foundation\Application->dispatch(Object(Illuminate\Http\Request))
#14 /var/www/html/gravity-web/vendor/barryvdh/laravel-debugbar/src/Middleware/Stack.php(34): Illuminate\Foundation\Application->handle(Object(Illuminate\Http\Request), 1, true)
#15 /var/www/html/gravity-web/bootstrap/compiled.php(7825): Barryvdh\Debugbar\Middleware\Stack->handle(Object(Illuminate\Http\Request), 1, true)
#16 /var/www/html/gravity-web/bootstrap/compiled.php(8432): Illuminate\Session\Middleware->handle(Object(Illuminate\Http\Request), 1, true)
#17 /var/www/html/gravity-web/bootstrap/compiled.php(8379): Illuminate\Cookie\Queue->handle(Object(Illuminate\Http\Request), 1, true)
#18 /var/www/html/gravity-web/bootstrap/compiled.php(11045): Illuminate\Cookie\Guard->handle(Object(Illuminate\Http\Request), 1, true)
#19 /var/www/html/gravity-web/bootstrap/compiled.php(657): Stack\StackedHttpKernel->handle(Object(Illuminate\Http\Request))
#20 /var/www/html/gravity-web/public/index.php(49): Illuminate\Foundation\Application->run()
#21 {main} [] []
[2015-06-11 10:26:26] local.ERROR: Aws\S3\Exception\PermanentRedirectException: AWS Error Code: PermanentRedirect, Status Code: 301, AWS Request ID: 552C2CCF1FD7B8CC, AWS Error Type: client, AWS Error Message: The bucket you are attempting to access must be addressed using the specified endpoint. Please send all future requests to this endpoint: "sprim.gravity.dev.s3.amazonaws.com"., User-Agent: aws-sdk-php2/2.8.5 Guzzle/3.9.3 curl/7.38.0 PHP/5.6.4-4ubuntu6 Laravel/4.2.17 L4MOD/1.1.0 [] []
[2015-06-11 10:35:10] local.ERROR: Aws\S3\Exception\PermanentRedirectException: AWS Error Code: PermanentRedirect, Status Code: 301, AWS Request ID: 9FD262477F55A680, AWS Error Type: client, AWS Error Message: The bucket you are attempting to access must be addressed using the specified endpoint. Please send all future requests to this endpoint: "sprim.gravity.dev.s3.amazonaws.com"., User-Agent: aws-sdk-php2/2.8.5 Guzzle/3.9.3 curl/7.38.0 PHP/5.6.4-4ubuntu6 Laravel/4.2.17 L4MOD/1.1.0 [] []
[2015-06-11 10:41:11] local.ERROR: Aws\S3\Exception\PermanentRedirectException: AWS Error Code: PermanentRedirect, Status Code: 301, AWS Request ID: FB0078A3B6B13D63, AWS Error Type: client, AWS Error Message: The bucket you are attempting to access must be addressed using the specified endpoint. Please send all future requests to this endpoint: "sprim.gravity.dev.s3.amazonaws.com"., User-Agent: aws-sdk-php2/2.8.5 Guzzle/3.9.3 curl/7.38.0 PHP/5.6.4-4ubuntu6 Laravel/4.2.17 L4MOD/1.1.0 [] []
[2015-06-11 10:59:27] local.ERROR: Aws\S3\Exception\PermanentRedirectException: AWS Error Code: PermanentRedirect, Status Code: 301, AWS Request ID: 4AAED5F10BD7928A, AWS Error Type: client, AWS Error Message: The bucket you are attempting to access must be addressed using the specified endpoint. Please send all future requests to this endpoint: "sprim.gravity.dev.s3.amazonaws.com"., User-Agent: aws-sdk-php2/2.8.5 Guzzle/3.9.3 curl/7.38.0 PHP/5.6.4-4ubuntu6 Laravel/4.2.17 L4MOD/1.1.0 [] []
[2015-06-11 11:06:08] local.ERROR: Aws\S3\Exception\PermanentRedirectException: AWS Error Code: PermanentRedirect, Status Code: 301, AWS Request ID: F7BA57880265ECC4, AWS Error Type: client, AWS Error Message: The bucket you are attempting to access must be addressed using the specified endpoint. Please send all future requests to this endpoint: "sprim.gravity.dev.s3.amazonaws.com"., User-Agent: aws-sdk-php2/2.8.5 Guzzle/3.9.3 curl/7.38.0 PHP/5.6.4-4ubuntu6 Laravel/4.2.17 L4MOD/1.1.0 [] []
[2015-06-11 11:08:46] local.ERROR: Aws\S3\Exception\PermanentRedirectException: AWS Error Code: PermanentRedirect, Status Code: 301, AWS Request ID: E7000C0A2F86EAB5, AWS Error Type: client, AWS Error Message: The bucket you are attempting to access must be addressed using the specified endpoint. Please send all future requests to this endpoint: "sprim.gravity.dev.s3.amazonaws.com"., User-Agent: aws-sdk-php2/2.8.5 Guzzle/3.9.3 curl/7.38.0 PHP/5.6.4-4ubuntu6 Laravel/4.2.17 L4MOD/1.1.0 [] []
[2015-06-11 11:13:29] local.ERROR: exception 'PDOException' with message 'SQLSTATE[42S22]: Column not found: 1054 Unknown column 'updated_at' in 'field list'' in /var/www/html/gravity-web/vendor/laravel/framework/src/Illuminate/Database/Connection.php:369
Stack trace:
#0 /var/www/html/gravity-web/vendor/laravel/framework/src/Illuminate/Database/Connection.php(369): PDO->prepare('insert into `fi...')
#1 /var/www/html/gravity-web/vendor/laravel/framework/src/Illuminate/Database/Connection.php(617): Illuminate\Database\Connection->Illuminate\Database\{closure}(Object(Illuminate\Database\MySqlConnection), 'insert into `fi...', Array)
#2 /var/www/html/gravity-web/vendor/laravel/framework/src/Illuminate/Database/Connection.php(581): Illuminate\Database\Connection->runQueryCallback('insert into `fi...', Array, Object(Closure))
#3 /var/www/html/gravity-web/vendor/laravel/framework/src/Illuminate/Database/Connection.php(370): Illuminate\Database\Connection->run('insert into `fi...', Array, Object(Closure))
#4 /var/www/html/gravity-web/vendor/laravel/framework/src/Illuminate/Database/Connection.php(327): Illuminate\Database\Connection->statement('insert into `fi...', Array)
#5 /var/www/html/gravity-web/vendor/laravel/framework/src/Illuminate/Database/Query/Processors/Processor.php(30): Illuminate\Database\Connection->insert('insert into `fi...', Array)
#6 /var/www/html/gravity-web/vendor/laravel/framework/src/Illuminate/Database/Query/Builder.php(1910): Illuminate\Database\Query\Processors\Processor->processInsertGetId(Object(Illuminate\Database\Query\Builder), 'insert into `fi...', Array, 'id')
#7 [internal function]: Illuminate\Database\Query\Builder->insertGetId(Array, 'id')
#8 /var/www/html/gravity-web/vendor/laravel/framework/src/Illuminate/Database/Eloquent/Builder.php(972): call_user_func_array(Array, Array)
#9 /var/www/html/gravity-web/bootstrap/compiled.php(6913): Illuminate\Database\Eloquent\Builder->__call('insertGetId', Array)
#10 /var/www/html/gravity-web/bootstrap/compiled.php(6913): Illuminate\Database\Eloquent\Builder->insertGetId(Array, 'id')
#11 /var/www/html/gravity-web/bootstrap/compiled.php(6903): Illuminate\Database\Eloquent\Model->insertAndSetId(Object(Illuminate\Database\Eloquent\Builder), Array)
#12 /var/www/html/gravity-web/bootstrap/compiled.php(6860): Illuminate\Database\Eloquent\Model->performInsert(Object(Illuminate\Database\Eloquent\Builder), Array)
#13 /var/www/html/gravity-web/vendor/laravelbook/ardent/src/LaravelBook/Ardent/Ardent.php(718): Illuminate\Database\Eloquent\Model->save(Array)
#14 /var/www/html/gravity-web/vendor/laravelbook/ardent/src/LaravelBook/Ardent/Ardent.php(587): LaravelBook\Ardent\Ardent->performSave(Array)
#15 /var/www/html/gravity-web/vendor/laravelbook/ardent/src/LaravelBook/Ardent/Ardent.php(611): LaravelBook\Ardent\Ardent->internalSave(Array, Array, Array, NULL, NULL, false)
#16 /var/www/html/gravity-web/app/sprim/repositories/eloquent/FileRepository.php(23): LaravelBook\Ardent\Ardent->save()
#17 /var/www/html/gravity-web/app/controllers/WellnessTeamController.php(267): Sprim\Repositories\Eloquent\FileRepository->_save(Array, '1')
#18 /var/www/html/gravity-web/app/controllers/WellnessTeamController.php(189): WellnessTeamController->saveOtherDetails(Object(Cartalyst\Sentry\Users\Eloquent\User), Array)
#19 [internal function]: WellnessTeamController->update('6')
#20 /var/www/html/gravity-web/vendor/laravel/framework/src/Illuminate/Routing/Controller.php(231): call_user_func_array(Array, Array)
#21 /var/www/html/gravity-web/bootstrap/compiled.php(5847): Illuminate\Routing\Controller->callAction('update', Array)
#22 /var/www/html/gravity-web/bootstrap/compiled.php(5835): Illuminate\Routing\ControllerDispatcher->call(Object(WellnessTeamController), Object(Illuminate\Routing\Route), 'update')
#23 /var/www/html/gravity-web/bootstrap/compiled.php(5040): Illuminate\Routing\ControllerDispatcher->dispatch(Object(Illuminate\Routing\Route), Object(Illuminate\Http\Request), 'WellnessTeamCon...', 'update')
#24 [internal function]: Illuminate\Routing\Router->Illuminate\Routing\{closure}('6')
#25 /var/www/html/gravity-web/bootstrap/compiled.php(5398): call_user_func_array(Object(Closure), Array)
#26 /var/www/html/gravity-web/bootstrap/compiled.php(5065): Illuminate\Routing\Route->run(Object(Illuminate\Http\Request))
#27 /var/www/html/gravity-web/bootstrap/compiled.php(5053): Illuminate\Routing\Router->dispatchToRoute(Object(Illuminate\Http\Request))
#28 /var/www/html/gravity-web/bootstrap/compiled.php(715): Illuminate\Routing\Router->dispatch(Object(Illuminate\Http\Request))
#29 /var/www/html/gravity-web/bootstrap/compiled.php(696): Illuminate\Foundation\Application->dispatch(Object(Illuminate\Http\Request))
#30 /var/www/html/gravity-web/vendor/barryvdh/laravel-debugbar/src/Middleware/Stack.php(34): Illuminate\Foundation\Application->handle(Object(Illuminate\Http\Request), 1, true)
#31 /var/www/html/gravity-web/bootstrap/compiled.php(7825): Barryvdh\Debugbar\Middleware\Stack->handle(Object(Illuminate\Http\Request), 1, true)
#32 /var/www/html/gravity-web/bootstrap/compiled.php(8432): Illuminate\Session\Middleware->handle(Object(Illuminate\Http\Request), 1, true)
#33 /var/www/html/gravity-web/bootstrap/compiled.php(8379): Illuminate\Cookie\Queue->handle(Object(Illuminate\Http\Request), 1, true)
#34 /var/www/html/gravity-web/bootstrap/compiled.php(11045): Illuminate\Cookie\Guard->handle(Object(Illuminate\Http\Request), 1, true)
#35 /var/www/html/gravity-web/bootstrap/compiled.php(657): Stack\StackedHttpKernel->handle(Object(Illuminate\Http\Request))
#36 /var/www/html/gravity-web/public/index.php(49): Illuminate\Foundation\Application->run()
#37 {main}

Next exception 'Illuminate\Database\QueryException' with message 'SQLSTATE[42S22]: Column not found: 1054 Unknown column 'updated_at' in 'field list' (SQL: insert into `files` (`name`, `description`, `file_type`, `updated_at`, `created_at`) values (img/2cpsNP8f.jpg, man.jpg, 1, 2015-06-11 11:13:29, 2015-06-11 11:13:29))' in /var/www/html/gravity-web/vendor/laravel/framework/src/Illuminate/Database/Connection.php:625
Stack trace:
#0 /var/www/html/gravity-web/vendor/laravel/framework/src/Illuminate/Database/Connection.php(581): Illuminate\Database\Connection->runQueryCallback('insert into `fi...', Array, Object(Closure))
#1 /var/www/html/gravity-web/vendor/laravel/framework/src/Illuminate/Database/Connection.php(370): Illuminate\Database\Connection->run('insert into `fi...', Array, Object(Closure))
#2 /var/www/html/gravity-web/vendor/laravel/framework/src/Illuminate/Database/Connection.php(327): Illuminate\Database\Connection->statement('insert into `fi...', Array)
#3 /var/www/html/gravity-web/vendor/laravel/framework/src/Illuminate/Database/Query/Processors/Processor.php(30): Illuminate\Database\Connection->insert('insert into `fi...', Array)
#4 /var/www/html/gravity-web/vendor/laravel/framework/src/Illuminate/Database/Query/Builder.php(1910): Illuminate\Database\Query\Processors\Processor->processInsertGetId(Object(Illuminate\Database\Query\Builder), 'insert into `fi...', Array, 'id')
#5 [internal function]: Illuminate\Database\Query\Builder->insertGetId(Array, 'id')
#6 /var/www/html/gravity-web/vendor/laravel/framework/src/Illuminate/Database/Eloquent/Builder.php(972): call_user_func_array(Array, Array)
#7 /var/www/html/gravity-web/bootstrap/compiled.php(6913): Illuminate\Database\Eloquent\Builder->__call('insertGetId', Array)
#8 /var/www/html/gravity-web/bootstrap/compiled.php(6913): Illuminate\Database\Eloquent\Builder->insertGetId(Array, 'id')
#9 /var/www/html/gravity-web/bootstrap/compiled.php(6903): Illuminate\Database\Eloquent\Model->insertAndSetId(Object(Illuminate\Database\Eloquent\Builder), Array)
#10 /var/www/html/gravity-web/bootstrap/compiled.php(6860): Illuminate\Database\Eloquent\Model->performInsert(Object(Illuminate\Database\Eloquent\Builder), Array)
#11 /var/www/html/gravity-web/vendor/laravelbook/ardent/src/LaravelBook/Ardent/Ardent.php(718): Illuminate\Database\Eloquent\Model->save(Array)
#12 /var/www/html/gravity-web/vendor/laravelbook/ardent/src/LaravelBook/Ardent/Ardent.php(587): LaravelBook\Ardent\Ardent->performSave(Array)
#13 /var/www/html/gravity-web/vendor/laravelbook/ardent/src/LaravelBook/Ardent/Ardent.php(611): LaravelBook\Ardent\Ardent->internalSave(Array, Array, Array, NULL, NULL, false)
#14 /var/www/html/gravity-web/app/sprim/repositories/eloquent/FileRepository.php(23): LaravelBook\Ardent\Ardent->save()
#15 /var/www/html/gravity-web/app/controllers/WellnessTeamController.php(267): Sprim\Repositories\Eloquent\FileRepository->_save(Array, '1')
#16 /var/www/html/gravity-web/app/controllers/WellnessTeamController.php(189): WellnessTeamController->saveOtherDetails(Object(Cartalyst\Sentry\Users\Eloquent\User), Array)
#17 [internal function]: WellnessTeamController->update('6')
#18 /var/www/html/gravity-web/vendor/laravel/framework/src/Illuminate/Routing/Controller.php(231): call_user_func_array(Array, Array)
#19 /var/www/html/gravity-web/bootstrap/compiled.php(5847): Illuminate\Routing\Controller->callAction('update', Array)
#20 /var/www/html/gravity-web/bootstrap/compiled.php(5835): Illuminate\Routing\ControllerDispatcher->call(Object(WellnessTeamController), Object(Illuminate\Routing\Route), 'update')
#21 /var/www/html/gravity-web/bootstrap/compiled.php(5040): Illuminate\Routing\ControllerDispatcher->dispatch(Object(Illuminate\Routing\Route), Object(Illuminate\Http\Request), 'WellnessTeamCon...', 'update')
#22 [internal function]: Illuminate\Routing\Router->Illuminate\Routing\{closure}('6')
#23 /var/www/html/gravity-web/bootstrap/compiled.php(5398): call_user_func_array(Object(Closure), Array)
#24 /var/www/html/gravity-web/bootstrap/compiled.php(5065): Illuminate\Routing\Route->run(Object(Illuminate\Http\Request))
#25 /var/www/html/gravity-web/bootstrap/compiled.php(5053): Illuminate\Routing\Router->dispatchToRoute(Object(Illuminate\Http\Request))
#26 /var/www/html/gravity-web/bootstrap/compiled.php(715): Illuminate\Routing\Router->dispatch(Object(Illuminate\Http\Request))
#27 /var/www/html/gravity-web/bootstrap/compiled.php(696): Illuminate\Foundation\Application->dispatch(Object(Illuminate\Http\Request))
#28 /var/www/html/gravity-web/vendor/barryvdh/laravel-debugbar/src/Middleware/Stack.php(34): Illuminate\Foundation\Application->handle(Object(Illuminate\Http\Request), 1, true)
#29 /var/www/html/gravity-web/bootstrap/compiled.php(7825): Barryvdh\Debugbar\Middleware\Stack->handle(Object(Illuminate\Http\Request), 1, true)
#30 /var/www/html/gravity-web/bootstrap/compiled.php(8432): Illuminate\Session\Middleware->handle(Object(Illuminate\Http\Request), 1, true)
#31 /var/www/html/gravity-web/bootstrap/compiled.php(8379): Illuminate\Cookie\Queue->handle(Object(Illuminate\Http\Request), 1, true)
#32 /var/www/html/gravity-web/bootstrap/compiled.php(11045): Illuminate\Cookie\Guard->handle(Object(Illuminate\Http\Request), 1, true)
#33 /var/www/html/gravity-web/bootstrap/compiled.php(657): Stack\StackedHttpKernel->handle(Object(Illuminate\Http\Request))
#34 /var/www/html/gravity-web/public/index.php(49): Illuminate\Foundation\Application->run()
#35 {main} [] []
[2015-06-11 11:31:35] local.ERROR: exception 'ErrorException' with message 'Undefined variable: user' in /var/www/html/gravity-web/app/storage/views/5652423df9262c9d2cafa4a0ab40d233:6
Stack trace:
#0 /var/www/html/gravity-web/app/storage/views/5652423df9262c9d2cafa4a0ab40d233(6): Illuminate\Exception\Handler->handleError(8, 'Undefined varia...', '/var/www/html/g...', 6, Array)
#1 /var/www/html/gravity-web/bootstrap/compiled.php(9880): include('/var/www/html/g...')
#2 /var/www/html/gravity-web/vendor/laravel/framework/src/Illuminate/View/Engines/CompilerEngine.php(56): Illuminate\View\Engines\PhpEngine->evaluatePath('/var/www/html/g...', Array)
#3 /var/www/html/gravity-web/bootstrap/compiled.php(9758): Illuminate\View\Engines\CompilerEngine->get('/var/www/html/g...', Array)
#4 /var/www/html/gravity-web/bootstrap/compiled.php(9745): Illuminate\View\View->getContents()
#5 /var/www/html/gravity-web/bootstrap/compiled.php(9736): Illuminate\View\View->renderContents()
#6 /var/www/html/gravity-web/app/storage/views/6c3d8e1cff3c3594d8bb667a6a16d433(10): Illuminate\View\View->render()
#7 /var/www/html/gravity-web/bootstrap/compiled.php(9880): include('/var/www/html/g...')
#8 /var/www/html/gravity-web/vendor/laravel/framework/src/Illuminate/View/Engines/CompilerEngine.php(56): Illuminate\View\Engines\PhpEngine->evaluatePath('/var/www/html/g...', Array)
#9 /var/www/html/gravity-web/bootstrap/compiled.php(9758): Illuminate\View\Engines\CompilerEngine->get('/var/www/html/g...', Array)
#10 /var/www/html/gravity-web/bootstrap/compiled.php(9745): Illuminate\View\View->getContents()
#11 /var/www/html/gravity-web/bootstrap/compiled.php(9736): Illuminate\View\View->renderContents()
#12 /var/www/html/gravity-web/bootstrap/compiled.php(10438): Illuminate\View\View->render()
#13 /var/www/html/gravity-web/bootstrap/compiled.php(9968): Illuminate\Http\Response->setContent(Object(Illuminate\View\View))
#14 /var/www/html/gravity-web/bootstrap/compiled.php(5258): Symfony\Component\HttpFoundation\Response->__construct(Object(Illuminate\View\View))
#15 /var/www/html/gravity-web/bootstrap/compiled.php(5067): Illuminate\Routing\Router->prepareResponse(Object(Illuminate\Http\Request), Object(Illuminate\View\View))
#16 /var/www/html/gravity-web/bootstrap/compiled.php(5053): Illuminate\Routing\Router->dispatchToRoute(Object(Illuminate\Http\Request))
#17 /var/www/html/gravity-web/bootstrap/compiled.php(715): Illuminate\Routing\Router->dispatch(Object(Illuminate\Http\Request))
#18 /var/www/html/gravity-web/bootstrap/compiled.php(696): Illuminate\Foundation\Application->dispatch(Object(Illuminate\Http\Request))
#19 /var/www/html/gravity-web/vendor/barryvdh/laravel-debugbar/src/Middleware/Stack.php(34): Illuminate\Foundation\Application->handle(Object(Illuminate\Http\Request), 1, true)
#20 /var/www/html/gravity-web/bootstrap/compiled.php(7825): Barryvdh\Debugbar\Middleware\Stack->handle(Object(Illuminate\Http\Request), 1, true)
#21 /var/www/html/gravity-web/bootstrap/compiled.php(8432): Illuminate\Session\Middleware->handle(Object(Illuminate\Http\Request), 1, true)
#22 /var/www/html/gravity-web/bootstrap/compiled.php(8379): Illuminate\Cookie\Queue->handle(Object(Illuminate\Http\Request), 1, true)
#23 /var/www/html/gravity-web/bootstrap/compiled.php(11045): Illuminate\Cookie\Guard->handle(Object(Illuminate\Http\Request), 1, true)
#24 /var/www/html/gravity-web/bootstrap/compiled.php(657): Stack\StackedHttpKernel->handle(Object(Illuminate\Http\Request))
#25 /var/www/html/gravity-web/public/index.php(49): Illuminate\Foundation\Application->run()
#26 {main}

Next exception 'ErrorException' with message 'Undefined variable: user (View: /var/www/html/gravity-web/app/views/wellness-team/_form.blade.php)' in /var/www/html/gravity-web/app/storage/views/5652423df9262c9d2cafa4a0ab40d233:6
Stack trace:
#0 /var/www/html/gravity-web/bootstrap/compiled.php(9882): Illuminate\View\Engines\CompilerEngine->handleViewException(Object(ErrorException), 1)
#1 /var/www/html/gravity-web/vendor/laravel/framework/src/Illuminate/View/Engines/CompilerEngine.php(56): Illuminate\View\Engines\PhpEngine->evaluatePath('/var/www/html/g...', Array)
#2 /var/www/html/gravity-web/bootstrap/compiled.php(9758): Illuminate\View\Engines\CompilerEngine->get('/var/www/html/g...', Array)
#3 /var/www/html/gravity-web/bootstrap/compiled.php(9745): Illuminate\View\View->getContents()
#4 /var/www/html/gravity-web/bootstrap/compiled.php(9736): Illuminate\View\View->renderContents()
#5 /var/www/html/gravity-web/app/storage/views/6c3d8e1cff3c3594d8bb667a6a16d433(10): Illuminate\View\View->render()
#6 /var/www/html/gravity-web/bootstrap/compiled.php(9880): include('/var/www/html/g...')
#7 /var/www/html/gravity-web/vendor/laravel/framework/src/Illuminate/View/Engines/CompilerEngine.php(56): Illuminate\View\Engines\PhpEngine->evaluatePath('/var/www/html/g...', Array)
#8 /var/www/html/gravity-web/bootstrap/compiled.php(9758): Illuminate\View\Engines\CompilerEngine->get('/var/www/html/g...', Array)
#9 /var/www/html/gravity-web/bootstrap/compiled.php(9745): Illuminate\View\View->getContents()
#10 /var/www/html/gravity-web/bootstrap/compiled.php(9736): Illuminate\View\View->renderContents()
#11 /var/www/html/gravity-web/bootstrap/compiled.php(10438): Illuminate\View\View->render()
#12 /var/www/html/gravity-web/bootstrap/compiled.php(9968): Illuminate\Http\Response->setContent(Object(Illuminate\View\View))
#13 /var/www/html/gravity-web/bootstrap/compiled.php(5258): Symfony\Component\HttpFoundation\Response->__construct(Object(Illuminate\View\View))
#14 /var/www/html/gravity-web/bootstrap/compiled.php(5067): Illuminate\Routing\Router->prepareResponse(Object(Illuminate\Http\Request), Object(Illuminate\View\View))
#15 /var/www/html/gravity-web/bootstrap/compiled.php(5053): Illuminate\Routing\Router->dispatchToRoute(Object(Illuminate\Http\Request))
#16 /var/www/html/gravity-web/bootstrap/compiled.php(715): Illuminate\Routing\Router->dispatch(Object(Illuminate\Http\Request))
#17 /var/www/html/gravity-web/bootstrap/compiled.php(696): Illuminate\Foundation\Application->dispatch(Object(Illuminate\Http\Request))
#18 /var/www/html/gravity-web/vendor/barryvdh/laravel-debugbar/src/Middleware/Stack.php(34): Illuminate\Foundation\Application->handle(Object(Illuminate\Http\Request), 1, true)
#19 /var/www/html/gravity-web/bootstrap/compiled.php(7825): Barryvdh\Debugbar\Middleware\Stack->handle(Object(Illuminate\Http\Request), 1, true)
#20 /var/www/html/gravity-web/bootstrap/compiled.php(8432): Illuminate\Session\Middleware->handle(Object(Illuminate\Http\Request), 1, true)
#21 /var/www/html/gravity-web/bootstrap/compiled.php(8379): Illuminate\Cookie\Queue->handle(Object(Illuminate\Http\Request), 1, true)
#22 /var/www/html/gravity-web/bootstrap/compiled.php(11045): Illuminate\Cookie\Guard->handle(Object(Illuminate\Http\Request), 1, true)
#23 /var/www/html/gravity-web/bootstrap/compiled.php(657): Stack\StackedHttpKernel->handle(Object(Illuminate\Http\Request))
#24 /var/www/html/gravity-web/public/index.php(49): Illuminate\Foundation\Application->run()
#25 {main}

Next exception 'ErrorException' with message 'Undefined variable: user (View: /var/www/html/gravity-web/app/views/wellness-team/_form.blade.php) (View: /var/www/html/gravity-web/app/views/wellness-team/_form.blade.php)' in /var/www/html/gravity-web/app/storage/views/5652423df9262c9d2cafa4a0ab40d233:6
Stack trace:
#0 /var/www/html/gravity-web/bootstrap/compiled.php(9882): Illuminate\View\Engines\CompilerEngine->handleViewException(Object(ErrorException), 1)
#1 /var/www/html/gravity-web/vendor/laravel/framework/src/Illuminate/View/Engines/CompilerEngine.php(56): Illuminate\View\Engines\PhpEngine->evaluatePath('/var/www/html/g...', Array)
#2 /var/www/html/gravity-web/bootstrap/compiled.php(9758): Illuminate\View\Engines\CompilerEngine->get('/var/www/html/g...', Array)
#3 /var/www/html/gravity-web/bootstrap/compiled.php(9745): Illuminate\View\View->getContents()
#4 /var/www/html/gravity-web/bootstrap/compiled.php(9736): Illuminate\View\View->renderContents()
#5 /var/www/html/gravity-web/bootstrap/compiled.php(10438): Illuminate\View\View->render()
#6 /var/www/html/gravity-web/bootstrap/compiled.php(9968): Illuminate\Http\Response->setContent(Object(Illuminate\View\View))
#7 /var/www/html/gravity-web/bootstrap/compiled.php(5258): Symfony\Component\HttpFoundation\Response->__construct(Object(Illuminate\View\View))
#8 /var/www/html/gravity-web/bootstrap/compiled.php(5067): Illuminate\Routing\Router->prepareResponse(Object(Illuminate\Http\Request), Object(Illuminate\View\View))
#9 /var/www/html/gravity-web/bootstrap/compiled.php(5053): Illuminate\Routing\Router->dispatchToRoute(Object(Illuminate\Http\Request))
#10 /var/www/html/gravity-web/bootstrap/compiled.php(715): Illuminate\Routing\Router->dispatch(Object(Illuminate\Http\Request))
#11 /var/www/html/gravity-web/bootstrap/compiled.php(696): Illuminate\Foundation\Application->dispatch(Object(Illuminate\Http\Request))
#12 /var/www/html/gravity-web/vendor/barryvdh/laravel-debugbar/src/Middleware/Stack.php(34): Illuminate\Foundation\Application->handle(Object(Illuminate\Http\Request), 1, true)
#13 /var/www/html/gravity-web/bootstrap/compiled.php(7825): Barryvdh\Debugbar\Middleware\Stack->handle(Object(Illuminate\Http\Request), 1, true)
#14 /var/www/html/gravity-web/bootstrap/compiled.php(8432): Illuminate\Session\Middleware->handle(Object(Illuminate\Http\Request), 1, true)
#15 /var/www/html/gravity-web/bootstrap/compiled.php(8379): Illuminate\Cookie\Queue->handle(Object(Illuminate\Http\Request), 1, true)
#16 /var/www/html/gravity-web/bootstrap/compiled.php(11045): Illuminate\Cookie\Guard->handle(Object(Illuminate\Http\Request), 1, true)
#17 /var/www/html/gravity-web/bootstrap/compiled.php(657): Stack\StackedHttpKernel->handle(Object(Illuminate\Http\Request))
#18 /var/www/html/gravity-web/public/index.php(49): Illuminate\Foundation\Application->run()
#19 {main} [] []
[2015-06-11 11:44:09] local.ERROR: exception 'ErrorException' with message 'Undefined variable: form' in /var/www/html/gravity-web/app/storage/views/1332f9938fe979bc2892b4a8fbfd5198:4
Stack trace:
#0 /var/www/html/gravity-web/app/storage/views/1332f9938fe979bc2892b4a8fbfd5198(4): Illuminate\Exception\Handler->handleError(8, 'Undefined varia...', '/var/www/html/g...', 4, Array)
#1 /var/www/html/gravity-web/bootstrap/compiled.php(9880): include('/var/www/html/g...')
#2 /var/www/html/gravity-web/vendor/laravel/framework/src/Illuminate/View/Engines/CompilerEngine.php(56): Illuminate\View\Engines\PhpEngine->evaluatePath('/var/www/html/g...', Array)
#3 /var/www/html/gravity-web/bootstrap/compiled.php(9758): Illuminate\View\Engines\CompilerEngine->get('/var/www/html/g...', Array)
#4 /var/www/html/gravity-web/bootstrap/compiled.php(9745): Illuminate\View\View->getContents()
#5 /var/www/html/gravity-web/bootstrap/compiled.php(9736): Illuminate\View\View->renderContents()
#6 /var/www/html/gravity-web/app/storage/views/5652423df9262c9d2cafa4a0ab40d233(142): Illuminate\View\View->render()
#7 /var/www/html/gravity-web/bootstrap/compiled.php(9880): include('/var/www/html/g...')
#8 /var/www/html/gravity-web/vendor/laravel/framework/src/Illuminate/View/Engines/CompilerEngine.php(56): Illuminate\View\Engines\PhpEngine->evaluatePath('/var/www/html/g...', Array)
#9 /var/www/html/gravity-web/bootstrap/compiled.php(9758): Illuminate\View\Engines\CompilerEngine->get('/var/www/html/g...', Array)
#10 /var/www/html/gravity-web/bootstrap/compiled.php(9745): Illuminate\View\View->getContents()
#11 /var/www/html/gravity-web/bootstrap/compiled.php(9736): Illuminate\View\View->renderContents()
#12 /var/www/html/gravity-web/app/storage/views/6c3d8e1cff3c3594d8bb667a6a16d433(10): Illuminate\View\View->render()
#13 /var/www/html/gravity-web/bootstrap/compiled.php(9880): include('/var/www/html/g...')
#14 /var/www/html/gravity-web/vendor/laravel/framework/src/Illuminate/View/Engines/CompilerEngine.php(56): Illuminate\View\Engines\PhpEngine->evaluatePath('/var/www/html/g...', Array)
#15 /var/www/html/gravity-web/bootstrap/compiled.php(9758): Illuminate\View\Engines\CompilerEngine->get('/var/www/html/g...', Array)
#16 /var/www/html/gravity-web/bootstrap/compiled.php(9745): Illuminate\View\View->getContents()
#17 /var/www/html/gravity-web/bootstrap/compiled.php(9736): Illuminate\View\View->renderContents()
#18 /var/www/html/gravity-web/bootstrap/compiled.php(10438): Illuminate\View\View->render()
#19 /var/www/html/gravity-web/bootstrap/compiled.php(9968): Illuminate\Http\Response->setContent(Object(Illuminate\View\View))
#20 /var/www/html/gravity-web/bootstrap/compiled.php(5258): Symfony\Component\HttpFoundation\Response->__construct(Object(Illuminate\View\View))
#21 /var/www/html/gravity-web/bootstrap/compiled.php(5067): Illuminate\Routing\Router->prepareResponse(Object(Illuminate\Http\Request), Object(Illuminate\View\View))
#22 /var/www/html/gravity-web/bootstrap/compiled.php(5053): Illuminate\Routing\Router->dispatchToRoute(Object(Illuminate\Http\Request))
#23 /var/www/html/gravity-web/bootstrap/compiled.php(715): Illuminate\Routing\Router->dispatch(Object(Illuminate\Http\Request))
#24 /var/www/html/gravity-web/bootstrap/compiled.php(696): Illuminate\Foundation\Application->dispatch(Object(Illuminate\Http\Request))
#25 /var/www/html/gravity-web/vendor/barryvdh/laravel-debugbar/src/Middleware/Stack.php(34): Illuminate\Foundation\Application->handle(Object(Illuminate\Http\Request), 1, true)
#26 /var/www/html/gravity-web/bootstrap/compiled.php(7825): Barryvdh\Debugbar\Middleware\Stack->handle(Object(Illuminate\Http\Request), 1, true)
#27 /var/www/html/gravity-web/bootstrap/compiled.php(8432): Illuminate\Session\Middleware->handle(Object(Illuminate\Http\Request), 1, true)
#28 /var/www/html/gravity-web/bootstrap/compiled.php(8379): Illuminate\Cookie\Queue->handle(Object(Illuminate\Http\Request), 1, true)
#29 /var/www/html/gravity-web/bootstrap/compiled.php(11045): Illuminate\Cookie\Guard->handle(Object(Illuminate\Http\Request), 1, true)
#30 /var/www/html/gravity-web/bootstrap/compiled.php(657): Stack\StackedHttpKernel->handle(Object(Illuminate\Http\Request))
#31 /var/www/html/gravity-web/public/index.php(49): Illuminate\Foundation\Application->run()
#32 {main}

Next exception 'ErrorException' with message 'Undefined variable: form (View: /var/www/html/gravity-web/app/views/common/file_form.blade.php)' in /var/www/html/gravity-web/app/storage/views/1332f9938fe979bc2892b4a8fbfd5198:4
Stack trace:
#0 /var/www/html/gravity-web/bootstrap/compiled.php(9882): Illuminate\View\Engines\CompilerEngine->handleViewException(Object(ErrorException), 1)
#1 /var/www/html/gravity-web/vendor/laravel/framework/src/Illuminate/View/Engines/CompilerEngine.php(56): Illuminate\View\Engines\PhpEngine->evaluatePath('/var/www/html/g...', Array)
#2 /var/www/html/gravity-web/bootstrap/compiled.php(9758): Illuminate\View\Engines\CompilerEngine->get('/var/www/html/g...', Array)
#3 /var/www/html/gravity-web/bootstrap/compiled.php(9745): Illuminate\View\View->getContents()
#4 /var/www/html/gravity-web/bootstrap/compiled.php(9736): Illuminate\View\View->renderContents()
#5 /var/www/html/gravity-web/app/storage/views/5652423df9262c9d2cafa4a0ab40d233(142): Illuminate\View\View->render()
#6 /var/www/html/gravity-web/bootstrap/compiled.php(9880): include('/var/www/html/g...')
#7 /var/www/html/gravity-web/vendor/laravel/framework/src/Illuminate/View/Engines/CompilerEngine.php(56): Illuminate\View\Engines\PhpEngine->evaluatePath('/var/www/html/g...', Array)
#8 /var/www/html/gravity-web/bootstrap/compiled.php(9758): Illuminate\View\Engines\CompilerEngine->get('/var/www/html/g...', Array)
#9 /var/www/html/gravity-web/bootstrap/compiled.php(9745): Illuminate\View\View->getContents()
#10 /var/www/html/gravity-web/bootstrap/compiled.php(9736): Illuminate\View\View->renderContents()
#11 /var/www/html/gravity-web/app/storage/views/6c3d8e1cff3c3594d8bb667a6a16d433(10): Illuminate\View\View->render()
#12 /var/www/html/gravity-web/bootstrap/compiled.php(9880): include('/var/www/html/g...')
#13 /var/www/html/gravity-web/vendor/laravel/framework/src/Illuminate/View/Engines/CompilerEngine.php(56): Illuminate\View\Engines\PhpEngine->evaluatePath('/var/www/html/g...', Array)
#14 /var/www/html/gravity-web/bootstrap/compiled.php(9758): Illuminate\View\Engines\CompilerEngine->get('/var/www/html/g...', Array)
#15 /var/www/html/gravity-web/bootstrap/compiled.php(9745): Illuminate\View\View->getContents()
#16 /var/www/html/gravity-web/bootstrap/compiled.php(9736): Illuminate\View\View->renderContents()
#17 /var/www/html/gravity-web/bootstrap/compiled.php(10438): Illuminate\View\View->render()
#18 /var/www/html/gravity-web/bootstrap/compiled.php(9968): Illuminate\Http\Response->setContent(Object(Illuminate\View\View))
#19 /var/www/html/gravity-web/bootstrap/compiled.php(5258): Symfony\Component\HttpFoundation\Response->__construct(Object(Illuminate\View\View))
#20 /var/www/html/gravity-web/bootstrap/compiled.php(5067): Illuminate\Routing\Router->prepareResponse(Object(Illuminate\Http\Request), Object(Illuminate\View\View))
#21 /var/www/html/gravity-web/bootstrap/compiled.php(5053): Illuminate\Routing\Router->dispatchToRoute(Object(Illuminate\Http\Request))
#22 /var/www/html/gravity-web/bootstrap/compiled.php(715): Illuminate\Routing\Router->dispatch(Object(Illuminate\Http\Request))
#23 /var/www/html/gravity-web/bootstrap/compiled.php(696): Illuminate\Foundation\Application->dispatch(Object(Illuminate\Http\Request))
#24 /var/www/html/gravity-web/vendor/barryvdh/laravel-debugbar/src/Middleware/Stack.php(34): Illuminate\Foundation\Application->handle(Object(Illuminate\Http\Request), 1, true)
#25 /var/www/html/gravity-web/bootstrap/compiled.php(7825): Barryvdh\Debugbar\Middleware\Stack->handle(Object(Illuminate\Http\Request), 1, true)
#26 /var/www/html/gravity-web/bootstrap/compiled.php(8432): Illuminate\Session\Middleware->handle(Object(Illuminate\Http\Request), 1, true)
#27 /var/www/html/gravity-web/bootstrap/compiled.php(8379): Illuminate\Cookie\Queue->handle(Object(Illuminate\Http\Request), 1, true)
#28 /var/www/html/gravity-web/bootstrap/compiled.php(11045): Illuminate\Cookie\Guard->handle(Object(Illuminate\Http\Request), 1, true)
#29 /var/www/html/gravity-web/bootstrap/compiled.php(657): Stack\StackedHttpKernel->handle(Object(Illuminate\Http\Request))
#30 /var/www/html/gravity-web/public/index.php(49): Illuminate\Foundation\Application->run()
#31 {main}

Next exception 'ErrorException' with message 'Undefined variable: form (View: /var/www/html/gravity-web/app/views/common/file_form.blade.php) (View: /var/www/html/gravity-web/app/views/common/file_form.blade.php)' in /var/www/html/gravity-web/app/storage/views/1332f9938fe979bc2892b4a8fbfd5198:4
Stack trace:
#0 /var/www/html/gravity-web/bootstrap/compiled.php(9882): Illuminate\View\Engines\CompilerEngine->handleViewException(Object(ErrorException), 1)
#1 /var/www/html/gravity-web/vendor/laravel/framework/src/Illuminate/View/Engines/CompilerEngine.php(56): Illuminate\View\Engines\PhpEngine->evaluatePath('/var/www/html/g...', Array)
#2 /var/www/html/gravity-web/bootstrap/compiled.php(9758): Illuminate\View\Engines\CompilerEngine->get('/var/www/html/g...', Array)
#3 /var/www/html/gravity-web/bootstrap/compiled.php(9745): Illuminate\View\View->getContents()
#4 /var/www/html/gravity-web/bootstrap/compiled.php(9736): Illuminate\View\View->renderContents()
#5 /var/www/html/gravity-web/app/storage/views/6c3d8e1cff3c3594d8bb667a6a16d433(10): Illuminate\View\View->render()
#6 /var/www/html/gravity-web/bootstrap/compiled.php(9880): include('/var/www/html/g...')
#7 /var/www/html/gravity-web/vendor/laravel/framework/src/Illuminate/View/Engines/CompilerEngine.php(56): Illuminate\View\Engines\PhpEngine->evaluatePath('/var/www/html/g...', Array)
#8 /var/www/html/gravity-web/bootstrap/compiled.php(9758): Illuminate\View\Engines\CompilerEngine->get('/var/www/html/g...', Array)
#9 /var/www/html/gravity-web/bootstrap/compiled.php(9745): Illuminate\View\View->getContents()
#10 /var/www/html/gravity-web/bootstrap/compiled.php(9736): Illuminate\View\View->renderContents()
#11 /var/www/html/gravity-web/bootstrap/compiled.php(10438): Illuminate\View\View->render()
#12 /var/www/html/gravity-web/bootstrap/compiled.php(9968): Illuminate\Http\Response->setContent(Object(Illuminate\View\View))
#13 /var/www/html/gravity-web/bootstrap/compiled.php(5258): Symfony\Component\HttpFoundation\Response->__construct(Object(Illuminate\View\View))
#14 /var/www/html/gravity-web/bootstrap/compiled.php(5067): Illuminate\Routing\Router->prepareResponse(Object(Illuminate\Http\Request), Object(Illuminate\View\View))
#15 /var/www/html/gravity-web/bootstrap/compiled.php(5053): Illuminate\Routing\Router->dispatchToRoute(Object(Illuminate\Http\Request))
#16 /var/www/html/gravity-web/bootstrap/compiled.php(715): Illuminate\Routing\Router->dispatch(Object(Illuminate\Http\Request))
#17 /var/www/html/gravity-web/bootstrap/compiled.php(696): Illuminate\Foundation\Application->dispatch(Object(Illuminate\Http\Request))
#18 /var/www/html/gravity-web/vendor/barryvdh/laravel-debugbar/src/Middleware/Stack.php(34): Illuminate\Foundation\Application->handle(Object(Illuminate\Http\Request), 1, true)
#19 /var/www/html/gravity-web/bootstrap/compiled.php(7825): Barryvdh\Debugbar\Middleware\Stack->handle(Object(Illuminate\Http\Request), 1, true)
#20 /var/www/html/gravity-web/bootstrap/compiled.php(8432): Illuminate\Session\Middleware->handle(Object(Illuminate\Http\Request), 1, true)
#21 /var/www/html/gravity-web/bootstrap/compiled.php(8379): Illuminate\Cookie\Queue->handle(Object(Illuminate\Http\Request), 1, true)
#22 /var/www/html/gravity-web/bootstrap/compiled.php(11045): Illuminate\Cookie\Guard->handle(Object(Illuminate\Http\Request), 1, true)
#23 /var/www/html/gravity-web/bootstrap/compiled.php(657): Stack\StackedHttpKernel->handle(Object(Illuminate\Http\Request))
#24 /var/www/html/gravity-web/public/index.php(49): Illuminate\Foundation\Application->run()
#25 {main}

Next exception 'ErrorException' with message 'Undefined variable: form (View: /var/www/html/gravity-web/app/views/common/file_form.blade.php) (View: /var/www/html/gravity-web/app/views/common/file_form.blade.php) (View: /var/www/html/gravity-web/app/views/common/file_form.blade.php)' in /var/www/html/gravity-web/app/storage/views/1332f9938fe979bc2892b4a8fbfd5198:4
Stack trace:
#0 /var/www/html/gravity-web/bootstrap/compiled.php(9882): Illuminate\View\Engines\CompilerEngine->handleViewException(Object(ErrorException), 1)
#1 /var/www/html/gravity-web/vendor/laravel/framework/src/Illuminate/View/Engines/CompilerEngine.php(56): Illuminate\View\Engines\PhpEngine->evaluatePath('/var/www/html/g...', Array)
#2 /var/www/html/gravity-web/bootstrap/compiled.php(9758): Illuminate\View\Engines\CompilerEngine->get('/var/www/html/g...', Array)
#3 /var/www/html/gravity-web/bootstrap/compiled.php(9745): Illuminate\View\View->getContents()
#4 /var/www/html/gravity-web/bootstrap/compiled.php(9736): Illuminate\View\View->renderContents()
#5 /var/www/html/gravity-web/bootstrap/compiled.php(10438): Illuminate\View\View->render()
#6 /var/www/html/gravity-web/bootstrap/compiled.php(9968): Illuminate\Http\Response->setContent(Object(Illuminate\View\View))
#7 /var/www/html/gravity-web/bootstrap/compiled.php(5258): Symfony\Component\HttpFoundation\Response->__construct(Object(Illuminate\View\View))
#8 /var/www/html/gravity-web/bootstrap/compiled.php(5067): Illuminate\Routing\Router->prepareResponse(Object(Illuminate\Http\Request), Object(Illuminate\View\View))
#9 /var/www/html/gravity-web/bootstrap/compiled.php(5053): Illuminate\Routing\Router->dispatchToRoute(Object(Illuminate\Http\Request))
#10 /var/www/html/gravity-web/bootstrap/compiled.php(715): Illuminate\Routing\Router->dispatch(Object(Illuminate\Http\Request))
#11 /var/www/html/gravity-web/bootstrap/compiled.php(696): Illuminate\Foundation\Application->dispatch(Object(Illuminate\Http\Request))
#12 /var/www/html/gravity-web/vendor/barryvdh/laravel-debugbar/src/Middleware/Stack.php(34): Illuminate\Foundation\Application->handle(Object(Illuminate\Http\Request), 1, true)
#13 /var/www/html/gravity-web/bootstrap/compiled.php(7825): Barryvdh\Debugbar\Middleware\Stack->handle(Object(Illuminate\Http\Request), 1, true)
#14 /var/www/html/gravity-web/bootstrap/compiled.php(8432): Illuminate\Session\Middleware->handle(Object(Illuminate\Http\Request), 1, true)
#15 /var/www/html/gravity-web/bootstrap/compiled.php(8379): Illuminate\Cookie\Queue->handle(Object(Illuminate\Http\Request), 1, true)
#16 /var/www/html/gravity-web/bootstrap/compiled.php(11045): Illuminate\Cookie\Guard->handle(Object(Illuminate\Http\Request), 1, true)
#17 /var/www/html/gravity-web/bootstrap/compiled.php(657): Stack\StackedHttpKernel->handle(Object(Illuminate\Http\Request))
#18 /var/www/html/gravity-web/public/index.php(49): Illuminate\Foundation\Application->run()
#19 {main} [] []
[2015-06-11 11:48:36] local.ERROR: exception 'ErrorException' with message 'Undefined variable: form' in /var/www/html/gravity-web/app/storage/views/5652423df9262c9d2cafa4a0ab40d233:6
Stack trace:
#0 /var/www/html/gravity-web/app/storage/views/5652423df9262c9d2cafa4a0ab40d233(6): Illuminate\Exception\Handler->handleError(8, 'Undefined varia...', '/var/www/html/g...', 6, Array)
#1 /var/www/html/gravity-web/bootstrap/compiled.php(9880): include('/var/www/html/g...')
#2 /var/www/html/gravity-web/vendor/laravel/framework/src/Illuminate/View/Engines/CompilerEngine.php(56): Illuminate\View\Engines\PhpEngine->evaluatePath('/var/www/html/g...', Array)
#3 /var/www/html/gravity-web/bootstrap/compiled.php(9758): Illuminate\View\Engines\CompilerEngine->get('/var/www/html/g...', Array)
#4 /var/www/html/gravity-web/bootstrap/compiled.php(9745): Illuminate\View\View->getContents()
#5 /var/www/html/gravity-web/bootstrap/compiled.php(9736): Illuminate\View\View->renderContents()
#6 /var/www/html/gravity-web/app/storage/views/6c3d8e1cff3c3594d8bb667a6a16d433(10): Illuminate\View\View->render()
#7 /var/www/html/gravity-web/bootstrap/compiled.php(9880): include('/var/www/html/g...')
#8 /var/www/html/gravity-web/vendor/laravel/framework/src/Illuminate/View/Engines/CompilerEngine.php(56): Illuminate\View\Engines\PhpEngine->evaluatePath('/var/www/html/g...', Array)
#9 /var/www/html/gravity-web/bootstrap/compiled.php(9758): Illuminate\View\Engines\CompilerEngine->get('/var/www/html/g...', Array)
#10 /var/www/html/gravity-web/bootstrap/compiled.php(9745): Illuminate\View\View->getContents()
#11 /var/www/html/gravity-web/bootstrap/compiled.php(9736): Illuminate\View\View->renderContents()
#12 /var/www/html/gravity-web/bootstrap/compiled.php(10438): Illuminate\View\View->render()
#13 /var/www/html/gravity-web/bootstrap/compiled.php(9968): Illuminate\Http\Response->setContent(Object(Illuminate\View\View))
#14 /var/www/html/gravity-web/bootstrap/compiled.php(5258): Symfony\Component\HttpFoundation\Response->__construct(Object(Illuminate\View\View))
#15 /var/www/html/gravity-web/bootstrap/compiled.php(5067): Illuminate\Routing\Router->prepareResponse(Object(Illuminate\Http\Request), Object(Illuminate\View\View))
#16 /var/www/html/gravity-web/bootstrap/compiled.php(5053): Illuminate\Routing\Router->dispatchToRoute(Object(Illuminate\Http\Request))
#17 /var/www/html/gravity-web/bootstrap/compiled.php(715): Illuminate\Routing\Router->dispatch(Object(Illuminate\Http\Request))
#18 /var/www/html/gravity-web/bootstrap/compiled.php(696): Illuminate\Foundation\Application->dispatch(Object(Illuminate\Http\Request))
#19 /var/www/html/gravity-web/vendor/barryvdh/laravel-debugbar/src/Middleware/Stack.php(34): Illuminate\Foundation\Application->handle(Object(Illuminate\Http\Request), 1, true)
#20 /var/www/html/gravity-web/bootstrap/compiled.php(7825): Barryvdh\Debugbar\Middleware\Stack->handle(Object(Illuminate\Http\Request), 1, true)
#21 /var/www/html/gravity-web/bootstrap/compiled.php(8432): Illuminate\Session\Middleware->handle(Object(Illuminate\Http\Request), 1, true)
#22 /var/www/html/gravity-web/bootstrap/compiled.php(8379): Illuminate\Cookie\Queue->handle(Object(Illuminate\Http\Request), 1, true)
#23 /var/www/html/gravity-web/bootstrap/compiled.php(11045): Illuminate\Cookie\Guard->handle(Object(Illuminate\Http\Request), 1, true)
#24 /var/www/html/gravity-web/bootstrap/compiled.php(657): Stack\StackedHttpKernel->handle(Object(Illuminate\Http\Request))
#25 /var/www/html/gravity-web/public/index.php(49): Illuminate\Foundation\Application->run()
#26 {main}

Next exception 'ErrorException' with message 'Undefined variable: form (View: /var/www/html/gravity-web/app/views/wellness-team/_form.blade.php)' in /var/www/html/gravity-web/app/storage/views/5652423df9262c9d2cafa4a0ab40d233:6
Stack trace:
#0 /var/www/html/gravity-web/bootstrap/compiled.php(9882): Illuminate\View\Engines\CompilerEngine->handleViewException(Object(ErrorException), 1)
#1 /var/www/html/gravity-web/vendor/laravel/framework/src/Illuminate/View/Engines/CompilerEngine.php(56): Illuminate\View\Engines\PhpEngine->evaluatePath('/var/www/html/g...', Array)
#2 /var/www/html/gravity-web/bootstrap/compiled.php(9758): Illuminate\View\Engines\CompilerEngine->get('/var/www/html/g...', Array)
#3 /var/www/html/gravity-web/bootstrap/compiled.php(9745): Illuminate\View\View->getContents()
#4 /var/www/html/gravity-web/bootstrap/compiled.php(9736): Illuminate\View\View->renderContents()
#5 /var/www/html/gravity-web/app/storage/views/6c3d8e1cff3c3594d8bb667a6a16d433(10): Illuminate\View\View->render()
#6 /var/www/html/gravity-web/bootstrap/compiled.php(9880): include('/var/www/html/g...')
#7 /var/www/html/gravity-web/vendor/laravel/framework/src/Illuminate/View/Engines/CompilerEngine.php(56): Illuminate\View\Engines\PhpEngine->evaluatePath('/var/www/html/g...', Array)
#8 /var/www/html/gravity-web/bootstrap/compiled.php(9758): Illuminate\View\Engines\CompilerEngine->get('/var/www/html/g...', Array)
#9 /var/www/html/gravity-web/bootstrap/compiled.php(9745): Illuminate\View\View->getContents()
#10 /var/www/html/gravity-web/bootstrap/compiled.php(9736): Illuminate\View\View->renderContents()
#11 /var/www/html/gravity-web/bootstrap/compiled.php(10438): Illuminate\View\View->render()
#12 /var/www/html/gravity-web/bootstrap/compiled.php(9968): Illuminate\Http\Response->setContent(Object(Illuminate\View\View))
#13 /var/www/html/gravity-web/bootstrap/compiled.php(5258): Symfony\Component\HttpFoundation\Response->__construct(Object(Illuminate\View\View))
#14 /var/www/html/gravity-web/bootstrap/compiled.php(5067): Illuminate\Routing\Router->prepareResponse(Object(Illuminate\Http\Request), Object(Illuminate\View\View))
#15 /var/www/html/gravity-web/bootstrap/compiled.php(5053): Illuminate\Routing\Router->dispatchToRoute(Object(Illuminate\Http\Request))
#16 /var/www/html/gravity-web/bootstrap/compiled.php(715): Illuminate\Routing\Router->dispatch(Object(Illuminate\Http\Request))
#17 /var/www/html/gravity-web/bootstrap/compiled.php(696): Illuminate\Foundation\Application->dispatch(Object(Illuminate\Http\Request))
#18 /var/www/html/gravity-web/vendor/barryvdh/laravel-debugbar/src/Middleware/Stack.php(34): Illuminate\Foundation\Application->handle(Object(Illuminate\Http\Request), 1, true)
#19 /var/www/html/gravity-web/bootstrap/compiled.php(7825): Barryvdh\Debugbar\Middleware\Stack->handle(Object(Illuminate\Http\Request), 1, true)
#20 /var/www/html/gravity-web/bootstrap/compiled.php(8432): Illuminate\Session\Middleware->handle(Object(Illuminate\Http\Request), 1, true)
#21 /var/www/html/gravity-web/bootstrap/compiled.php(8379): Illuminate\Cookie\Queue->handle(Object(Illuminate\Http\Request), 1, true)
#22 /var/www/html/gravity-web/bootstrap/compiled.php(11045): Illuminate\Cookie\Guard->handle(Object(Illuminate\Http\Request), 1, true)
#23 /var/www/html/gravity-web/bootstrap/compiled.php(657): Stack\StackedHttpKernel->handle(Object(Illuminate\Http\Request))
#24 /var/www/html/gravity-web/public/index.php(49): Illuminate\Foundation\Application->run()
#25 {main}

Next exception 'ErrorException' with message 'Undefined variable: form (View: /var/www/html/gravity-web/app/views/wellness-team/_form.blade.php) (View: /var/www/html/gravity-web/app/views/wellness-team/_form.blade.php)' in /var/www/html/gravity-web/app/storage/views/5652423df9262c9d2cafa4a0ab40d233:6
Stack trace:
#0 /var/www/html/gravity-web/bootstrap/compiled.php(9882): Illuminate\View\Engines\CompilerEngine->handleViewException(Object(ErrorException), 1)
#1 /var/www/html/gravity-web/vendor/laravel/framework/src/Illuminate/View/Engines/CompilerEngine.php(56): Illuminate\View\Engines\PhpEngine->evaluatePath('/var/www/html/g...', Array)
#2 /var/www/html/gravity-web/bootstrap/compiled.php(9758): Illuminate\View\Engines\CompilerEngine->get('/var/www/html/g...', Array)
#3 /var/www/html/gravity-web/bootstrap/compiled.php(9745): Illuminate\View\View->getContents()
#4 /var/www/html/gravity-web/bootstrap/compiled.php(9736): Illuminate\View\View->renderContents()
#5 /var/www/html/gravity-web/bootstrap/compiled.php(10438): Illuminate\View\View->render()
#6 /var/www/html/gravity-web/bootstrap/compiled.php(9968): Illuminate\Http\Response->setContent(Object(Illuminate\View\View))
#7 /var/www/html/gravity-web/bootstrap/compiled.php(5258): Symfony\Component\HttpFoundation\Response->__construct(Object(Illuminate\View\View))
#8 /var/www/html/gravity-web/bootstrap/compiled.php(5067): Illuminate\Routing\Router->prepareResponse(Object(Illuminate\Http\Request), Object(Illuminate\View\View))
#9 /var/www/html/gravity-web/bootstrap/compiled.php(5053): Illuminate\Routing\Router->dispatchToRoute(Object(Illuminate\Http\Request))
#10 /var/www/html/gravity-web/bootstrap/compiled.php(715): Illuminate\Routing\Router->dispatch(Object(Illuminate\Http\Request))
#11 /var/www/html/gravity-web/bootstrap/compiled.php(696): Illuminate\Foundation\Application->dispatch(Object(Illuminate\Http\Request))
#12 /var/www/html/gravity-web/vendor/barryvdh/laravel-debugbar/src/Middleware/Stack.php(34): Illuminate\Foundation\Application->handle(Object(Illuminate\Http\Request), 1, true)
#13 /var/www/html/gravity-web/bootstrap/compiled.php(7825): Barryvdh\Debugbar\Middleware\Stack->handle(Object(Illuminate\Http\Request), 1, true)
#14 /var/www/html/gravity-web/bootstrap/compiled.php(8432): Illuminate\Session\Middleware->handle(Object(Illuminate\Http\Request), 1, true)
#15 /var/www/html/gravity-web/bootstrap/compiled.php(8379): Illuminate\Cookie\Queue->handle(Object(Illuminate\Http\Request), 1, true)
#16 /var/www/html/gravity-web/bootstrap/compiled.php(11045): Illuminate\Cookie\Guard->handle(Object(Illuminate\Http\Request), 1, true)
#17 /var/www/html/gravity-web/bootstrap/compiled.php(657): Stack\StackedHttpKernel->handle(Object(Illuminate\Http\Request))
#18 /var/www/html/gravity-web/public/index.php(49): Illuminate\Foundation\Application->run()
#19 {main} [] []
[2015-06-11 12:00:45] local.ERROR: exception 'BadMethodCallException' with message 'Call to undefined method Illuminate\Database\Query\Builder::address()' in /var/www/html/gravity-web/vendor/laravel/framework/src/Illuminate/Database/Query/Builder.php:2184
Stack trace:
#0 [internal function]: Illuminate\Database\Query\Builder->__call('address', Array)
#1 [internal function]: Illuminate\Database\Query\Builder->address()
#2 /var/www/html/gravity-web/vendor/laravel/framework/src/Illuminate/Database/Eloquent/Builder.php(972): call_user_func_array(Array, Array)
#3 [internal function]: Illuminate\Database\Eloquent\Builder->__call('address', Array)
#4 [internal function]: LaravelBook\Ardent\Builder->address()
#5 /var/www/html/gravity-web/bootstrap/compiled.php(7529): call_user_func_array(Array, Array)
#6 /var/www/html/gravity-web/vendor/laravelbook/ardent/src/LaravelBook/Ardent/Ardent.php(352): Illuminate\Database\Eloquent\Model->__call('address', Array)
#7 /var/www/html/gravity-web/vendor/laravel/framework/src/Illuminate/Database/Eloquent/Builder.php(494): LaravelBook\Ardent\Ardent->__call('address', Array)
#8 /var/www/html/gravity-web/vendor/laravel/framework/src/Illuminate/Database/Eloquent/Builder.php(494): Sprim\Model\Profile->address()
#9 [internal function]: Illuminate\Database\Eloquent\Builder->Illuminate\Database\Eloquent\{closure}()
#10 /var/www/html/gravity-web/vendor/laravel/framework/src/Illuminate/Database/Eloquent/Relations/Relation.php(158): call_user_func(Object(Closure))
#11 /var/www/html/gravity-web/vendor/laravel/framework/src/Illuminate/Database/Eloquent/Builder.php(495): Illuminate\Database\Eloquent\Relations\Relation::noConstraints(Object(Closure))
#12 /var/www/html/gravity-web/vendor/laravel/framework/src/Illuminate/Database/Eloquent/Builder.php(465): Illuminate\Database\Eloquent\Builder->getRelation('address')
#13 /var/www/html/gravity-web/vendor/laravel/framework/src/Illuminate/Database/Eloquent/Builder.php(445): Illuminate\Database\Eloquent\Builder->loadRelation(Array, 'address', Object(Closure))
#14 /var/www/html/gravity-web/vendor/laravel/framework/src/Illuminate/Database/Eloquent/Builder.php(158): Illuminate\Database\Eloquent\Builder->eagerLoadRelations(Array)
#15 [internal function]: Illuminate\Database\Eloquent\Builder->get()
#16 /var/www/html/gravity-web/vendor/laravel/framework/src/Illuminate/Database/Eloquent/Relations/Relation.php(281): call_user_func_array(Array, Array)
#17 /var/www/html/gravity-web/vendor/laravel/framework/src/Illuminate/Database/Eloquent/Relations/Relation.php(103): Illuminate\Database\Eloquent\Relations\Relation->__call('get', Array)
#18 /var/www/html/gravity-web/vendor/laravel/framework/src/Illuminate/Database/Eloquent/Relations/Relation.php(103): Illuminate\Database\Eloquent\Relations\HasOne->get()
#19 /var/www/html/gravity-web/vendor/laravel/framework/src/Illuminate/Database/Eloquent/Builder.php(476): Illuminate\Database\Eloquent\Relations\Relation->getEager()
#20 /var/www/html/gravity-web/vendor/laravel/framework/src/Illuminate/Database/Eloquent/Builder.php(445): Illuminate\Database\Eloquent\Builder->loadRelation(Array, 'profile', Object(Closure))
#21 /var/www/html/gravity-web/vendor/laravel/framework/src/Illuminate/Database/Eloquent/Builder.php(158): Illuminate\Database\Eloquent\Builder->eagerLoadRelations(Array)
#22 /var/www/html/gravity-web/vendor/laravel/framework/src/Illuminate/Database/Eloquent/Builder.php(125): Illuminate\Database\Eloquent\Builder->get(Array)
#23 [internal function]: Illuminate\Database\Eloquent\Builder->first(Array)
#24 /var/www/html/gravity-web/vendor/laravelbook/ardent/src/LaravelBook/Ardent/Builder.php(32): call_user_func_array('parent::first', Array)
#25 /var/www/html/gravity-web/vendor/laravelbook/ardent/src/LaravelBook/Ardent/Builder.php(19): LaravelBook\Ardent\Builder->maybeFail('first', Array)
#26 /var/www/html/gravity-web/vendor/laravel/framework/src/Illuminate/Database/Eloquent/Builder.php(82): LaravelBook\Ardent\Builder->first(Array)
#27 [internal function]: Illuminate\Database\Eloquent\Builder->find('6')
#28 /var/www/html/gravity-web/vendor/laravelbook/ardent/src/LaravelBook/Ardent/Builder.php(32): call_user_func_array('parent::find', Array)
#29 /var/www/html/gravity-web/vendor/laravelbook/ardent/src/LaravelBook/Ardent/Builder.php(15): LaravelBook\Ardent\Builder->maybeFail('find', Array)
#30 /var/www/html/gravity-web/app/sprim/repositories/eloquent/AbstractRepository.php(69): LaravelBook\Ardent\Builder->find('6')
#31 /var/www/html/gravity-web/app/controllers/WellnessTeamController.php(144): Sprim\Repositories\Eloquent\AbstractRepository->getById('6', Array)
#32 [internal function]: WellnessTeamController->edit('6')
#33 /var/www/html/gravity-web/vendor/laravel/framework/src/Illuminate/Routing/Controller.php(231): call_user_func_array(Array, Array)
#34 /var/www/html/gravity-web/bootstrap/compiled.php(5847): Illuminate\Routing\Controller->callAction('edit', Array)
#35 /var/www/html/gravity-web/bootstrap/compiled.php(5835): Illuminate\Routing\ControllerDispatcher->call(Object(WellnessTeamController), Object(Illuminate\Routing\Route), 'edit')
#36 /var/www/html/gravity-web/bootstrap/compiled.php(5040): Illuminate\Routing\ControllerDispatcher->dispatch(Object(Illuminate\Routing\Route), Object(Illuminate\Http\Request), 'WellnessTeamCon...', 'edit')
#37 [internal function]: Illuminate\Routing\Router->Illuminate\Routing\{closure}('6')
#38 /var/www/html/gravity-web/bootstrap/compiled.php(5398): call_user_func_array(Object(Closure), Array)
#39 /var/www/html/gravity-web/bootstrap/compiled.php(5065): Illuminate\Routing\Route->run(Object(Illuminate\Http\Request))
#40 /var/www/html/gravity-web/bootstrap/compiled.php(5053): Illuminate\Routing\Router->dispatchToRoute(Object(Illuminate\Http\Request))
#41 /var/www/html/gravity-web/bootstrap/compiled.php(715): Illuminate\Routing\Router->dispatch(Object(Illuminate\Http\Request))
#42 /var/www/html/gravity-web/bootstrap/compiled.php(696): Illuminate\Foundation\Application->dispatch(Object(Illuminate\Http\Request))
#43 /var/www/html/gravity-web/vendor/barryvdh/laravel-debugbar/src/Middleware/Stack.php(34): Illuminate\Foundation\Application->handle(Object(Illuminate\Http\Request), 1, true)
#44 /var/www/html/gravity-web/bootstrap/compiled.php(7825): Barryvdh\Debugbar\Middleware\Stack->handle(Object(Illuminate\Http\Request), 1, true)
#45 /var/www/html/gravity-web/bootstrap/compiled.php(8432): Illuminate\Session\Middleware->handle(Object(Illuminate\Http\Request), 1, true)
#46 /var/www/html/gravity-web/bootstrap/compiled.php(8379): Illuminate\Cookie\Queue->handle(Object(Illuminate\Http\Request), 1, true)
#47 /var/www/html/gravity-web/bootstrap/compiled.php(11045): Illuminate\Cookie\Guard->handle(Object(Illuminate\Http\Request), 1, true)
#48 /var/www/html/gravity-web/bootstrap/compiled.php(657): Stack\StackedHttpKernel->handle(Object(Illuminate\Http\Request))
#49 /var/www/html/gravity-web/public/index.php(49): Illuminate\Foundation\Application->run()
#50 {main} [] []
[2015-06-11 13:03:15] local.ERROR: exception 'ErrorException' with message 'Undefined variable: form' in /var/www/html/gravity-web/app/storage/views/5652423df9262c9d2cafa4a0ab40d233:6
Stack trace:
#0 /var/www/html/gravity-web/app/storage/views/5652423df9262c9d2cafa4a0ab40d233(6): Illuminate\Exception\Handler->handleError(8, 'Undefined varia...', '/var/www/html/g...', 6, Array)
#1 /var/www/html/gravity-web/bootstrap/compiled.php(9880): include('/var/www/html/g...')
#2 /var/www/html/gravity-web/vendor/laravel/framework/src/Illuminate/View/Engines/CompilerEngine.php(56): Illuminate\View\Engines\PhpEngine->evaluatePath('/var/www/html/g...', Array)
#3 /var/www/html/gravity-web/bootstrap/compiled.php(9758): Illuminate\View\Engines\CompilerEngine->get('/var/www/html/g...', Array)
#4 /var/www/html/gravity-web/bootstrap/compiled.php(9745): Illuminate\View\View->getContents()
#5 /var/www/html/gravity-web/bootstrap/compiled.php(9736): Illuminate\View\View->renderContents()
#6 /var/www/html/gravity-web/app/storage/views/21450a58cdfe46c1134de32a65d68bb6(10): Illuminate\View\View->render()
#7 /var/www/html/gravity-web/bootstrap/compiled.php(9880): include('/var/www/html/g...')
#8 /var/www/html/gravity-web/vendor/laravel/framework/src/Illuminate/View/Engines/CompilerEngine.php(56): Illuminate\View\Engines\PhpEngine->evaluatePath('/var/www/html/g...', Array)
#9 /var/www/html/gravity-web/bootstrap/compiled.php(9758): Illuminate\View\Engines\CompilerEngine->get('/var/www/html/g...', Array)
#10 /var/www/html/gravity-web/bootstrap/compiled.php(9745): Illuminate\View\View->getContents()
#11 /var/www/html/gravity-web/bootstrap/compiled.php(9736): Illuminate\View\View->renderContents()
#12 /var/www/html/gravity-web/bootstrap/compiled.php(10438): Illuminate\View\View->render()
#13 /var/www/html/gravity-web/bootstrap/compiled.php(9968): Illuminate\Http\Response->setContent(Object(Illuminate\View\View))
#14 /var/www/html/gravity-web/bootstrap/compiled.php(5258): Symfony\Component\HttpFoundation\Response->__construct(Object(Illuminate\View\View))
#15 /var/www/html/gravity-web/bootstrap/compiled.php(5067): Illuminate\Routing\Router->prepareResponse(Object(Illuminate\Http\Request), Object(Illuminate\View\View))
#16 /var/www/html/gravity-web/bootstrap/compiled.php(5053): Illuminate\Routing\Router->dispatchToRoute(Object(Illuminate\Http\Request))
#17 /var/www/html/gravity-web/bootstrap/compiled.php(715): Illuminate\Routing\Router->dispatch(Object(Illuminate\Http\Request))
#18 /var/www/html/gravity-web/bootstrap/compiled.php(696): Illuminate\Foundation\Application->dispatch(Object(Illuminate\Http\Request))
#19 /var/www/html/gravity-web/vendor/barryvdh/laravel-debugbar/src/Middleware/Stack.php(34): Illuminate\Foundation\Application->handle(Object(Illuminate\Http\Request), 1, true)
#20 /var/www/html/gravity-web/bootstrap/compiled.php(7825): Barryvdh\Debugbar\Middleware\Stack->handle(Object(Illuminate\Http\Request), 1, true)
#21 /var/www/html/gravity-web/bootstrap/compiled.php(8432): Illuminate\Session\Middleware->handle(Object(Illuminate\Http\Request), 1, true)
#22 /var/www/html/gravity-web/bootstrap/compiled.php(8379): Illuminate\Cookie\Queue->handle(Object(Illuminate\Http\Request), 1, true)
#23 /var/www/html/gravity-web/bootstrap/compiled.php(11045): Illuminate\Cookie\Guard->handle(Object(Illuminate\Http\Request), 1, true)
#24 /var/www/html/gravity-web/bootstrap/compiled.php(657): Stack\StackedHttpKernel->handle(Object(Illuminate\Http\Request))
#25 /var/www/html/gravity-web/public/index.php(49): Illuminate\Foundation\Application->run()
#26 {main}

Next exception 'ErrorException' with message 'Undefined variable: form (View: /var/www/html/gravity-web/app/views/wellness-team/_form.blade.php)' in /var/www/html/gravity-web/app/storage/views/5652423df9262c9d2cafa4a0ab40d233:6
Stack trace:
#0 /var/www/html/gravity-web/bootstrap/compiled.php(9882): Illuminate\View\Engines\CompilerEngine->handleViewException(Object(ErrorException), 1)
#1 /var/www/html/gravity-web/vendor/laravel/framework/src/Illuminate/View/Engines/CompilerEngine.php(56): Illuminate\View\Engines\PhpEngine->evaluatePath('/var/www/html/g...', Array)
#2 /var/www/html/gravity-web/bootstrap/compiled.php(9758): Illuminate\View\Engines\CompilerEngine->get('/var/www/html/g...', Array)
#3 /var/www/html/gravity-web/bootstrap/compiled.php(9745): Illuminate\View\View->getContents()
#4 /var/www/html/gravity-web/bootstrap/compiled.php(9736): Illuminate\View\View->renderContents()
#5 /var/www/html/gravity-web/app/storage/views/21450a58cdfe46c1134de32a65d68bb6(10): Illuminate\View\View->render()
#6 /var/www/html/gravity-web/bootstrap/compiled.php(9880): include('/var/www/html/g...')
#7 /var/www/html/gravity-web/vendor/laravel/framework/src/Illuminate/View/Engines/CompilerEngine.php(56): Illuminate\View\Engines\PhpEngine->evaluatePath('/var/www/html/g...', Array)
#8 /var/www/html/gravity-web/bootstrap/compiled.php(9758): Illuminate\View\Engines\CompilerEngine->get('/var/www/html/g...', Array)
#9 /var/www/html/gravity-web/bootstrap/compiled.php(9745): Illuminate\View\View->getContents()
#10 /var/www/html/gravity-web/bootstrap/compiled.php(9736): Illuminate\View\View->renderContents()
#11 /var/www/html/gravity-web/bootstrap/compiled.php(10438): Illuminate\View\View->render()
#12 /var/www/html/gravity-web/bootstrap/compiled.php(9968): Illuminate\Http\Response->setContent(Object(Illuminate\View\View))
#13 /var/www/html/gravity-web/bootstrap/compiled.php(5258): Symfony\Component\HttpFoundation\Response->__construct(Object(Illuminate\View\View))
#14 /var/www/html/gravity-web/bootstrap/compiled.php(5067): Illuminate\Routing\Router->prepareResponse(Object(Illuminate\Http\Request), Object(Illuminate\View\View))
#15 /var/www/html/gravity-web/bootstrap/compiled.php(5053): Illuminate\Routing\Router->dispatchToRoute(Object(Illuminate\Http\Request))
#16 /var/www/html/gravity-web/bootstrap/compiled.php(715): Illuminate\Routing\Router->dispatch(Object(Illuminate\Http\Request))
#17 /var/www/html/gravity-web/bootstrap/compiled.php(696): Illuminate\Foundation\Application->dispatch(Object(Illuminate\Http\Request))
#18 /var/www/html/gravity-web/vendor/barryvdh/laravel-debugbar/src/Middleware/Stack.php(34): Illuminate\Foundation\Application->handle(Object(Illuminate\Http\Request), 1, true)
#19 /var/www/html/gravity-web/bootstrap/compiled.php(7825): Barryvdh\Debugbar\Middleware\Stack->handle(Object(Illuminate\Http\Request), 1, true)
#20 /var/www/html/gravity-web/bootstrap/compiled.php(8432): Illuminate\Session\Middleware->handle(Object(Illuminate\Http\Request), 1, true)
#21 /var/www/html/gravity-web/bootstrap/compiled.php(8379): Illuminate\Cookie\Queue->handle(Object(Illuminate\Http\Request), 1, true)
#22 /var/www/html/gravity-web/bootstrap/compiled.php(11045): Illuminate\Cookie\Guard->handle(Object(Illuminate\Http\Request), 1, true)
#23 /var/www/html/gravity-web/bootstrap/compiled.php(657): Stack\StackedHttpKernel->handle(Object(Illuminate\Http\Request))
#24 /var/www/html/gravity-web/public/index.php(49): Illuminate\Foundation\Application->run()
#25 {main}

Next exception 'ErrorException' with message 'Undefined variable: form (View: /var/www/html/gravity-web/app/views/wellness-team/_form.blade.php) (View: /var/www/html/gravity-web/app/views/wellness-team/_form.blade.php)' in /var/www/html/gravity-web/app/storage/views/5652423df9262c9d2cafa4a0ab40d233:6
Stack trace:
#0 /var/www/html/gravity-web/bootstrap/compiled.php(9882): Illuminate\View\Engines\CompilerEngine->handleViewException(Object(ErrorException), 1)
#1 /var/www/html/gravity-web/vendor/laravel/framework/src/Illuminate/View/Engines/CompilerEngine.php(56): Illuminate\View\Engines\PhpEngine->evaluatePath('/var/www/html/g...', Array)
#2 /var/www/html/gravity-web/bootstrap/compiled.php(9758): Illuminate\View\Engines\CompilerEngine->get('/var/www/html/g...', Array)
#3 /var/www/html/gravity-web/bootstrap/compiled.php(9745): Illuminate\View\View->getContents()
#4 /var/www/html/gravity-web/bootstrap/compiled.php(9736): Illuminate\View\View->renderContents()
#5 /var/www/html/gravity-web/bootstrap/compiled.php(10438): Illuminate\View\View->render()
#6 /var/www/html/gravity-web/bootstrap/compiled.php(9968): Illuminate\Http\Response->setContent(Object(Illuminate\View\View))
#7 /var/www/html/gravity-web/bootstrap/compiled.php(5258): Symfony\Component\HttpFoundation\Response->__construct(Object(Illuminate\View\View))
#8 /var/www/html/gravity-web/bootstrap/compiled.php(5067): Illuminate\Routing\Router->prepareResponse(Object(Illuminate\Http\Request), Object(Illuminate\View\View))
#9 /var/www/html/gravity-web/bootstrap/compiled.php(5053): Illuminate\Routing\Router->dispatchToRoute(Object(Illuminate\Http\Request))
#10 /var/www/html/gravity-web/bootstrap/compiled.php(715): Illuminate\Routing\Router->dispatch(Object(Illuminate\Http\Request))
#11 /var/www/html/gravity-web/bootstrap/compiled.php(696): Illuminate\Foundation\Application->dispatch(Object(Illuminate\Http\Request))
#12 /var/www/html/gravity-web/vendor/barryvdh/laravel-debugbar/src/Middleware/Stack.php(34): Illuminate\Foundation\Application->handle(Object(Illuminate\Http\Request), 1, true)
#13 /var/www/html/gravity-web/bootstrap/compiled.php(7825): Barryvdh\Debugbar\Middleware\Stack->handle(Object(Illuminate\Http\Request), 1, true)
#14 /var/www/html/gravity-web/bootstrap/compiled.php(8432): Illuminate\Session\Middleware->handle(Object(Illuminate\Http\Request), 1, true)
#15 /var/www/html/gravity-web/bootstrap/compiled.php(8379): Illuminate\Cookie\Queue->handle(Object(Illuminate\Http\Request), 1, true)
#16 /var/www/html/gravity-web/bootstrap/compiled.php(11045): Illuminate\Cookie\Guard->handle(Object(Illuminate\Http\Request), 1, true)
#17 /var/www/html/gravity-web/bootstrap/compiled.php(657): Stack\StackedHttpKernel->handle(Object(Illuminate\Http\Request))
#18 /var/www/html/gravity-web/public/index.php(49): Illuminate\Foundation\Application->run()
#19 {main} [] []
[2015-06-11 13:32:14] local.ERROR: exception 'ErrorException' with message 'Creating default object from empty value' in /var/www/html/gravity-web/app/sprim/repositories/eloquent/ProfileRepository.php:67
Stack trace:
#0 /var/www/html/gravity-web/app/sprim/repositories/eloquent/ProfileRepository.php(67): Illuminate\Exception\Handler->handleError(2, 'Creating defaul...', '/var/www/html/g...', 67, Array)
#1 /var/www/html/gravity-web/app/controllers/WellnessTeamController.php(261): Sprim\Repositories\Eloquent\ProfileRepository->_save('6', Array)
#2 /var/www/html/gravity-web/app/controllers/WellnessTeamController.php(192): WellnessTeamController->saveOtherDetails(Object(Cartalyst\Sentry\Users\Eloquent\User), Array)
#3 [internal function]: WellnessTeamController->update('6')
#4 /var/www/html/gravity-web/vendor/laravel/framework/src/Illuminate/Routing/Controller.php(231): call_user_func_array(Array, Array)
#5 /var/www/html/gravity-web/bootstrap/compiled.php(5847): Illuminate\Routing\Controller->callAction('update', Array)
#6 /var/www/html/gravity-web/bootstrap/compiled.php(5835): Illuminate\Routing\ControllerDispatcher->call(Object(WellnessTeamController), Object(Illuminate\Routing\Route), 'update')
#7 /var/www/html/gravity-web/bootstrap/compiled.php(5040): Illuminate\Routing\ControllerDispatcher->dispatch(Object(Illuminate\Routing\Route), Object(Illuminate\Http\Request), 'WellnessTeamCon...', 'update')
#8 [internal function]: Illuminate\Routing\Router->Illuminate\Routing\{closure}('6')
#9 /var/www/html/gravity-web/bootstrap/compiled.php(5398): call_user_func_array(Object(Closure), Array)
#10 /var/www/html/gravity-web/bootstrap/compiled.php(5065): Illuminate\Routing\Route->run(Object(Illuminate\Http\Request))
#11 /var/www/html/gravity-web/bootstrap/compiled.php(5053): Illuminate\Routing\Router->dispatchToRoute(Object(Illuminate\Http\Request))
#12 /var/www/html/gravity-web/bootstrap/compiled.php(715): Illuminate\Routing\Router->dispatch(Object(Illuminate\Http\Request))
#13 /var/www/html/gravity-web/bootstrap/compiled.php(696): Illuminate\Foundation\Application->dispatch(Object(Illuminate\Http\Request))
#14 /var/www/html/gravity-web/vendor/barryvdh/laravel-debugbar/src/Middleware/Stack.php(34): Illuminate\Foundation\Application->handle(Object(Illuminate\Http\Request), 1, true)
#15 /var/www/html/gravity-web/bootstrap/compiled.php(7825): Barryvdh\Debugbar\Middleware\Stack->handle(Object(Illuminate\Http\Request), 1, true)
#16 /var/www/html/gravity-web/bootstrap/compiled.php(8432): Illuminate\Session\Middleware->handle(Object(Illuminate\Http\Request), 1, true)
#17 /var/www/html/gravity-web/bootstrap/compiled.php(8379): Illuminate\Cookie\Queue->handle(Object(Illuminate\Http\Request), 1, true)
#18 /var/www/html/gravity-web/bootstrap/compiled.php(11045): Illuminate\Cookie\Guard->handle(Object(Illuminate\Http\Request), 1, true)
#19 /var/www/html/gravity-web/bootstrap/compiled.php(657): Stack\StackedHttpKernel->handle(Object(Illuminate\Http\Request))
#20 /var/www/html/gravity-web/public/index.php(49): Illuminate\Foundation\Application->run()
#21 {main} [] []
[2015-06-11 13:33:03] local.ERROR: exception 'ErrorException' with message 'Creating default object from empty value' in /var/www/html/gravity-web/app/sprim/repositories/eloquent/ProfileRepository.php:67
Stack trace:
#0 /var/www/html/gravity-web/app/sprim/repositories/eloquent/ProfileRepository.php(67): Illuminate\Exception\Handler->handleError(2, 'Creating defaul...', '/var/www/html/g...', 67, Array)
#1 /var/www/html/gravity-web/app/controllers/WellnessTeamController.php(261): Sprim\Repositories\Eloquent\ProfileRepository->_save('6', Array)
#2 /var/www/html/gravity-web/app/controllers/WellnessTeamController.php(192): WellnessTeamController->saveOtherDetails(Object(Cartalyst\Sentry\Users\Eloquent\User), Array)
#3 [internal function]: WellnessTeamController->update('6')
#4 /var/www/html/gravity-web/vendor/laravel/framework/src/Illuminate/Routing/Controller.php(231): call_user_func_array(Array, Array)
#5 /var/www/html/gravity-web/bootstrap/compiled.php(5847): Illuminate\Routing\Controller->callAction('update', Array)
#6 /var/www/html/gravity-web/bootstrap/compiled.php(5835): Illuminate\Routing\ControllerDispatcher->call(Object(WellnessTeamController), Object(Illuminate\Routing\Route), 'update')
#7 /var/www/html/gravity-web/bootstrap/compiled.php(5040): Illuminate\Routing\ControllerDispatcher->dispatch(Object(Illuminate\Routing\Route), Object(Illuminate\Http\Request), 'WellnessTeamCon...', 'update')
#8 [internal function]: Illuminate\Routing\Router->Illuminate\Routing\{closure}('6')
#9 /var/www/html/gravity-web/bootstrap/compiled.php(5398): call_user_func_array(Object(Closure), Array)
#10 /var/www/html/gravity-web/bootstrap/compiled.php(5065): Illuminate\Routing\Route->run(Object(Illuminate\Http\Request))
#11 /var/www/html/gravity-web/bootstrap/compiled.php(5053): Illuminate\Routing\Router->dispatchToRoute(Object(Illuminate\Http\Request))
#12 /var/www/html/gravity-web/bootstrap/compiled.php(715): Illuminate\Routing\Router->dispatch(Object(Illuminate\Http\Request))
#13 /var/www/html/gravity-web/bootstrap/compiled.php(696): Illuminate\Foundation\Application->dispatch(Object(Illuminate\Http\Request))
#14 /var/www/html/gravity-web/vendor/barryvdh/laravel-debugbar/src/Middleware/Stack.php(34): Illuminate\Foundation\Application->handle(Object(Illuminate\Http\Request), 1, true)
#15 /var/www/html/gravity-web/bootstrap/compiled.php(7825): Barryvdh\Debugbar\Middleware\Stack->handle(Object(Illuminate\Http\Request), 1, true)
#16 /var/www/html/gravity-web/bootstrap/compiled.php(8432): Illuminate\Session\Middleware->handle(Object(Illuminate\Http\Request), 1, true)
#17 /var/www/html/gravity-web/bootstrap/compiled.php(8379): Illuminate\Cookie\Queue->handle(Object(Illuminate\Http\Request), 1, true)
#18 /var/www/html/gravity-web/bootstrap/compiled.php(11045): Illuminate\Cookie\Guard->handle(Object(Illuminate\Http\Request), 1, true)
#19 /var/www/html/gravity-web/bootstrap/compiled.php(657): Stack\StackedHttpKernel->handle(Object(Illuminate\Http\Request))
#20 /var/www/html/gravity-web/public/index.php(49): Illuminate\Foundation\Application->run()
#21 {main} [] []
[2015-06-11 13:36:33] local.ERROR: exception 'ErrorException' with message 'Undefined index: description' in /var/www/html/gravity-web/app/sprim/repositories/eloquent/ProfileRepository.php:61
Stack trace:
#0 /var/www/html/gravity-web/app/sprim/repositories/eloquent/ProfileRepository.php(61): Illuminate\Exception\Handler->handleError(8, 'Undefined index...', '/var/www/html/g...', 61, Array)
#1 /var/www/html/gravity-web/app/controllers/WellnessTeamController.php(261): Sprim\Repositories\Eloquent\ProfileRepository->_save('6', Array)
#2 /var/www/html/gravity-web/app/controllers/WellnessTeamController.php(192): WellnessTeamController->saveOtherDetails(Object(Cartalyst\Sentry\Users\Eloquent\User), Array)
#3 [internal function]: WellnessTeamController->update('6')
#4 /var/www/html/gravity-web/vendor/laravel/framework/src/Illuminate/Routing/Controller.php(231): call_user_func_array(Array, Array)
#5 /var/www/html/gravity-web/bootstrap/compiled.php(5847): Illuminate\Routing\Controller->callAction('update', Array)
#6 /var/www/html/gravity-web/bootstrap/compiled.php(5835): Illuminate\Routing\ControllerDispatcher->call(Object(WellnessTeamController), Object(Illuminate\Routing\Route), 'update')
#7 /var/www/html/gravity-web/bootstrap/compiled.php(5040): Illuminate\Routing\ControllerDispatcher->dispatch(Object(Illuminate\Routing\Route), Object(Illuminate\Http\Request), 'WellnessTeamCon...', 'update')
#8 [internal function]: Illuminate\Routing\Router->Illuminate\Routing\{closure}('6')
#9 /var/www/html/gravity-web/bootstrap/compiled.php(5398): call_user_func_array(Object(Closure), Array)
#10 /var/www/html/gravity-web/bootstrap/compiled.php(5065): Illuminate\Routing\Route->run(Object(Illuminate\Http\Request))
#11 /var/www/html/gravity-web/bootstrap/compiled.php(5053): Illuminate\Routing\Router->dispatchToRoute(Object(Illuminate\Http\Request))
#12 /var/www/html/gravity-web/bootstrap/compiled.php(715): Illuminate\Routing\Router->dispatch(Object(Illuminate\Http\Request))
#13 /var/www/html/gravity-web/bootstrap/compiled.php(696): Illuminate\Foundation\Application->dispatch(Object(Illuminate\Http\Request))
#14 /var/www/html/gravity-web/vendor/barryvdh/laravel-debugbar/src/Middleware/Stack.php(34): Illuminate\Foundation\Application->handle(Object(Illuminate\Http\Request), 1, true)
#15 /var/www/html/gravity-web/bootstrap/compiled.php(7825): Barryvdh\Debugbar\Middleware\Stack->handle(Object(Illuminate\Http\Request), 1, true)
#16 /var/www/html/gravity-web/bootstrap/compiled.php(8432): Illuminate\Session\Middleware->handle(Object(Illuminate\Http\Request), 1, true)
#17 /var/www/html/gravity-web/bootstrap/compiled.php(8379): Illuminate\Cookie\Queue->handle(Object(Illuminate\Http\Request), 1, true)
#18 /var/www/html/gravity-web/bootstrap/compiled.php(11045): Illuminate\Cookie\Guard->handle(Object(Illuminate\Http\Request), 1, true)
#19 /var/www/html/gravity-web/bootstrap/compiled.php(657): Stack\StackedHttpKernel->handle(Object(Illuminate\Http\Request))
#20 /var/www/html/gravity-web/public/index.php(49): Illuminate\Foundation\Application->run()
#21 {main} [] []
